<?xml version="1.0" encoding="UTF-8"?>
<testsuite xmlns:xsi="http://www.w3.org/2001/XMLSchema-instance" xsi:noNamespaceSchemaLocation="https://maven.apache.org/surefire/maven-surefire-plugin/xsd/surefire-test-report.xsd" name="com.trello.clone.application.service.IdentityServiceTest" time="0.551" tests="4" errors="0" skipped="0" failures="0">
  <properties>
    <property name="java.specification.version" value="17"/>
    <property name="sun.jnu.encoding" value="UTF-8"/>
    <property name="java.class.path" value="/home/jrakhman/projects/task_agile/task_agile_spring/target/test-classes:/home/jrakhman/projects/task_agile/task_agile_spring/target/classes:/home/jrakhman/.m2/repository/org/springframework/boot/spring-boot-starter-security/2.7.1/spring-boot-starter-security-2.7.1.jar:/home/jrakhman/.m2/repository/org/springframework/boot/spring-boot-starter/2.7.1/spring-boot-starter-2.7.1.jar:/home/jrakhman/.m2/repository/org/springframework/boot/spring-boot-starter-logging/2.7.1/spring-boot-starter-logging-2.7.1.jar:/home/jrakhman/.m2/repository/ch/qos/logback/logback-classic/1.2.11/logback-classic-1.2.11.jar:/home/jrakhman/.m2/repository/ch/qos/logback/logback-core/1.2.11/logback-core-1.2.11.jar:/home/jrakhman/.m2/repository/org/apache/logging/log4j/log4j-to-slf4j/2.17.2/log4j-to-slf4j-2.17.2.jar:/home/jrakhman/.m2/repository/org/slf4j/jul-to-slf4j/1.7.36/jul-to-slf4j-1.7.36.jar:/home/jrakhman/.m2/repository/jakarta/annotation/jakarta.annotation-api/1.3.5/jakarta.annotation-api-1.3.5.jar:/home/jrakhman/.m2/repository/org/yaml/snakeyaml/1.30/snakeyaml-1.30.jar:/home/jrakhman/.m2/repository/org/springframework/spring-aop/5.3.21/spring-aop-5.3.21.jar:/home/jrakhman/.m2/repository/org/springframework/spring-beans/5.3.21/spring-beans-5.3.21.jar:/home/jrakhman/.m2/repository/org/springframework/security/spring-security-config/5.7.2/spring-security-config-5.7.2.jar:/home/jrakhman/.m2/repository/org/springframework/spring-context/5.3.21/spring-context-5.3.21.jar:/home/jrakhman/.m2/repository/org/springframework/security/spring-security-web/5.7.2/spring-security-web-5.7.2.jar:/home/jrakhman/.m2/repository/org/springframework/spring-expression/5.3.21/spring-expression-5.3.21.jar:/home/jrakhman/.m2/repository/org/springframework/boot/spring-boot-starter-webflux/2.7.1/spring-boot-starter-webflux-2.7.1.jar:/home/jrakhman/.m2/repository/org/springframework/boot/spring-boot-starter-json/2.7.1/spring-boot-starter-json-2.7.1.jar:/home/jrakhman/.m2/repository/com/fasterxml/jackson/datatype/jackson-datatype-jdk8/2.13.3/jackson-datatype-jdk8-2.13.3.jar:/home/jrakhman/.m2/repository/com/fasterxml/jackson/datatype/jackson-datatype-jsr310/2.13.3/jackson-datatype-jsr310-2.13.3.jar:/home/jrakhman/.m2/repository/com/fasterxml/jackson/module/jackson-module-parameter-names/2.13.3/jackson-module-parameter-names-2.13.3.jar:/home/jrakhman/.m2/repository/org/springframework/boot/spring-boot-starter-reactor-netty/2.7.1/spring-boot-starter-reactor-netty-2.7.1.jar:/home/jrakhman/.m2/repository/io/projectreactor/netty/reactor-netty-http/1.0.20/reactor-netty-http-1.0.20.jar:/home/jrakhman/.m2/repository/io/netty/netty-codec-http/4.1.78.Final/netty-codec-http-4.1.78.Final.jar:/home/jrakhman/.m2/repository/io/netty/netty-common/4.1.78.Final/netty-common-4.1.78.Final.jar:/home/jrakhman/.m2/repository/io/netty/netty-buffer/4.1.78.Final/netty-buffer-4.1.78.Final.jar:/home/jrakhman/.m2/repository/io/netty/netty-transport/4.1.78.Final/netty-transport-4.1.78.Final.jar:/home/jrakhman/.m2/repository/io/netty/netty-codec/4.1.78.Final/netty-codec-4.1.78.Final.jar:/home/jrakhman/.m2/repository/io/netty/netty-handler/4.1.78.Final/netty-handler-4.1.78.Final.jar:/home/jrakhman/.m2/repository/io/netty/netty-codec-http2/4.1.78.Final/netty-codec-http2-4.1.78.Final.jar:/home/jrakhman/.m2/repository/io/netty/netty-resolver-dns/4.1.78.Final/netty-resolver-dns-4.1.78.Final.jar:/home/jrakhman/.m2/repository/io/netty/netty-resolver/4.1.78.Final/netty-resolver-4.1.78.Final.jar:/home/jrakhman/.m2/repository/io/netty/netty-codec-dns/4.1.78.Final/netty-codec-dns-4.1.78.Final.jar:/home/jrakhman/.m2/repository/io/netty/netty-resolver-dns-native-macos/4.1.78.Final/netty-resolver-dns-native-macos-4.1.78.Final-osx-x86_64.jar:/home/jrakhman/.m2/repository/io/netty/netty-resolver-dns-classes-macos/4.1.78.Final/netty-resolver-dns-classes-macos-4.1.78.Final.jar:/home/jrakhman/.m2/repository/io/netty/netty-transport-native-epoll/4.1.78.Final/netty-transport-native-epoll-4.1.78.Final-linux-x86_64.jar:/home/jrakhman/.m2/repository/io/netty/netty-transport-native-unix-common/4.1.78.Final/netty-transport-native-unix-common-4.1.78.Final.jar:/home/jrakhman/.m2/repository/io/netty/netty-transport-classes-epoll/4.1.78.Final/netty-transport-classes-epoll-4.1.78.Final.jar:/home/jrakhman/.m2/repository/io/projectreactor/netty/reactor-netty-core/1.0.20/reactor-netty-core-1.0.20.jar:/home/jrakhman/.m2/repository/io/netty/netty-handler-proxy/4.1.78.Final/netty-handler-proxy-4.1.78.Final.jar:/home/jrakhman/.m2/repository/io/netty/netty-codec-socks/4.1.78.Final/netty-codec-socks-4.1.78.Final.jar:/home/jrakhman/.m2/repository/org/springframework/spring-web/5.3.21/spring-web-5.3.21.jar:/home/jrakhman/.m2/repository/org/springframework/spring-webflux/5.3.21/spring-webflux-5.3.21.jar:/home/jrakhman/.m2/repository/org/springframework/boot/spring-boot-starter-validation/2.7.1/spring-boot-starter-validation-2.7.1.jar:/home/jrakhman/.m2/repository/org/apache/tomcat/embed/tomcat-embed-el/9.0.64/tomcat-embed-el-9.0.64.jar:/home/jrakhman/.m2/repository/org/hibernate/validator/hibernate-validator/6.2.3.Final/hibernate-validator-6.2.3.Final.jar:/home/jrakhman/.m2/repository/jakarta/validation/jakarta.validation-api/2.0.2/jakarta.validation-api-2.0.2.jar:/home/jrakhman/.m2/repository/org/jboss/logging/jboss-logging/3.4.3.Final/jboss-logging-3.4.3.Final.jar:/home/jrakhman/.m2/repository/com/fasterxml/classmate/1.5.1/classmate-1.5.1.jar:/home/jrakhman/.m2/repository/org/springframework/boot/spring-boot-devtools/2.7.1/spring-boot-devtools-2.7.1.jar:/home/jrakhman/.m2/repository/org/springframework/boot/spring-boot/2.7.1/spring-boot-2.7.1.jar:/home/jrakhman/.m2/repository/org/springframework/boot/spring-boot-autoconfigure/2.7.1/spring-boot-autoconfigure-2.7.1.jar:/home/jrakhman/.m2/repository/org/springframework/boot/spring-boot-starter-data-mongodb-reactive/2.7.1/spring-boot-starter-data-mongodb-reactive-2.7.1.jar:/home/jrakhman/.m2/repository/io/projectreactor/reactor-core/3.4.19/reactor-core-3.4.19.jar:/home/jrakhman/.m2/repository/org/reactivestreams/reactive-streams/1.0.4/reactive-streams-1.0.4.jar:/home/jrakhman/.m2/repository/org/mongodb/mongodb-driver-reactivestreams/4.6.1/mongodb-driver-reactivestreams-4.6.1.jar:/home/jrakhman/.m2/repository/org/mongodb/bson/4.6.1/bson-4.6.1.jar:/home/jrakhman/.m2/repository/org/mongodb/mongodb-driver-core/4.6.1/mongodb-driver-core-4.6.1.jar:/home/jrakhman/.m2/repository/org/mongodb/bson-record-codec/4.6.1/bson-record-codec-4.6.1.jar:/home/jrakhman/.m2/repository/org/springframework/data/spring-data-mongodb/3.4.1/spring-data-mongodb-3.4.1.jar:/home/jrakhman/.m2/repository/org/springframework/spring-tx/5.3.21/spring-tx-5.3.21.jar:/home/jrakhman/.m2/repository/org/springframework/data/spring-data-commons/2.7.1/spring-data-commons-2.7.1.jar:/home/jrakhman/.m2/repository/org/projectlombok/lombok/1.18.24/lombok-1.18.24.jar:/home/jrakhman/.m2/repository/org/apache/commons/commons-lang3/3.12.0/commons-lang3-3.12.0.jar:/home/jrakhman/.m2/repository/org/apache/logging/log4j/log4j-core/2.17.2/log4j-core-2.17.2.jar:/home/jrakhman/.m2/repository/org/apache/logging/log4j/log4j-api/2.17.2/log4j-api-2.17.2.jar:/home/jrakhman/.m2/repository/com/auth0/java-jwt/3.19.2/java-jwt-3.19.2.jar:/home/jrakhman/.m2/repository/com/fasterxml/jackson/core/jackson-databind/2.13.3/jackson-databind-2.13.3.jar:/home/jrakhman/.m2/repository/com/fasterxml/jackson/core/jackson-annotations/2.13.3/jackson-annotations-2.13.3.jar:/home/jrakhman/.m2/repository/com/fasterxml/jackson/core/jackson-core/2.13.3/jackson-core-2.13.3.jar:/home/jrakhman/.m2/repository/org/springdoc/springdoc-openapi-webflux-ui/1.6.9/springdoc-openapi-webflux-ui-1.6.9.jar:/home/jrakhman/.m2/repository/org/springdoc/springdoc-openapi-webflux-core/1.6.9/springdoc-openapi-webflux-core-1.6.9.jar:/home/jrakhman/.m2/repository/org/springdoc/springdoc-openapi-common/1.6.9/springdoc-openapi-common-1.6.9.jar:/home/jrakhman/.m2/repository/io/swagger/core/v3/swagger-core/2.2.0/swagger-core-2.2.0.jar:/home/jrakhman/.m2/repository/com/fasterxml/jackson/dataformat/jackson-dataformat-yaml/2.13.3/jackson-dataformat-yaml-2.13.3.jar:/home/jrakhman/.m2/repository/io/swagger/core/v3/swagger-annotations/2.2.0/swagger-annotations-2.2.0.jar:/home/jrakhman/.m2/repository/io/swagger/core/v3/swagger-models/2.2.0/swagger-models-2.2.0.jar:/home/jrakhman/.m2/repository/org/webjars/swagger-ui/4.11.1/swagger-ui-4.11.1.jar:/home/jrakhman/.m2/repository/org/webjars/webjars-locator-core/0.50/webjars-locator-core-0.50.jar:/home/jrakhman/.m2/repository/io/github/classgraph/classgraph/4.8.147/classgraph-4.8.147.jar:/home/jrakhman/.m2/repository/org/springframework/boot/spring-boot-starter-test/2.7.1/spring-boot-starter-test-2.7.1.jar:/home/jrakhman/.m2/repository/org/springframework/boot/spring-boot-test/2.7.1/spring-boot-test-2.7.1.jar:/home/jrakhman/.m2/repository/org/springframework/boot/spring-boot-test-autoconfigure/2.7.1/spring-boot-test-autoconfigure-2.7.1.jar:/home/jrakhman/.m2/repository/com/jayway/jsonpath/json-path/2.7.0/json-path-2.7.0.jar:/home/jrakhman/.m2/repository/net/minidev/json-smart/2.4.8/json-smart-2.4.8.jar:/home/jrakhman/.m2/repository/net/minidev/accessors-smart/2.4.8/accessors-smart-2.4.8.jar:/home/jrakhman/.m2/repository/org/ow2/asm/asm/9.1/asm-9.1.jar:/home/jrakhman/.m2/repository/jakarta/xml/bind/jakarta.xml.bind-api/2.3.3/jakarta.xml.bind-api-2.3.3.jar:/home/jrakhman/.m2/repository/jakarta/activation/jakarta.activation-api/1.2.2/jakarta.activation-api-1.2.2.jar:/home/jrakhman/.m2/repository/org/assertj/assertj-core/3.22.0/assertj-core-3.22.0.jar:/home/jrakhman/.m2/repository/org/hamcrest/hamcrest/2.2/hamcrest-2.2.jar:/home/jrakhman/.m2/repository/org/junit/jupiter/junit-jupiter/5.8.2/junit-jupiter-5.8.2.jar:/home/jrakhman/.m2/repository/org/junit/jupiter/junit-jupiter-params/5.8.2/junit-jupiter-params-5.8.2.jar:/home/jrakhman/.m2/repository/org/junit/jupiter/junit-jupiter-engine/5.8.2/junit-jupiter-engine-5.8.2.jar:/home/jrakhman/.m2/repository/org/junit/platform/junit-platform-engine/1.8.2/junit-platform-engine-1.8.2.jar:/home/jrakhman/.m2/repository/org/mockito/mockito-core/4.5.1/mockito-core-4.5.1.jar:/home/jrakhman/.m2/repository/net/bytebuddy/byte-buddy/1.12.11/byte-buddy-1.12.11.jar:/home/jrakhman/.m2/repository/net/bytebuddy/byte-buddy-agent/1.12.11/byte-buddy-agent-1.12.11.jar:/home/jrakhman/.m2/repository/org/objenesis/objenesis/3.2/objenesis-3.2.jar:/home/jrakhman/.m2/repository/org/mockito/mockito-junit-jupiter/4.5.1/mockito-junit-jupiter-4.5.1.jar:/home/jrakhman/.m2/repository/org/skyscreamer/jsonassert/1.5.0/jsonassert-1.5.0.jar:/home/jrakhman/.m2/repository/com/vaadin/external/google/android-json/0.0.20131108.vaadin1/android-json-0.0.20131108.vaadin1.jar:/home/jrakhman/.m2/repository/org/springframework/spring-core/5.3.21/spring-core-5.3.21.jar:/home/jrakhman/.m2/repository/org/springframework/spring-jcl/5.3.21/spring-jcl-5.3.21.jar:/home/jrakhman/.m2/repository/org/springframework/spring-test/5.3.21/spring-test-5.3.21.jar:/home/jrakhman/.m2/repository/org/xmlunit/xmlunit-core/2.9.0/xmlunit-core-2.9.0.jar:/home/jrakhman/.m2/repository/org/springframework/security/spring-security-test/5.7.2/spring-security-test-5.7.2.jar:/home/jrakhman/.m2/repository/org/springframework/security/spring-security-core/5.7.2/spring-security-core-5.7.2.jar:/home/jrakhman/.m2/repository/org/springframework/security/spring-security-crypto/5.7.2/spring-security-crypto-5.7.2.jar:/home/jrakhman/.m2/repository/io/projectreactor/reactor-test/3.4.18/reactor-test-3.4.18.jar:/home/jrakhman/.m2/repository/org/junit/jupiter/junit-jupiter-api/5.8.2/junit-jupiter-api-5.8.2.jar:/home/jrakhman/.m2/repository/org/opentest4j/opentest4j/1.2.0/opentest4j-1.2.0.jar:/home/jrakhman/.m2/repository/org/junit/platform/junit-platform-commons/1.8.2/junit-platform-commons-1.8.2.jar:/home/jrakhman/.m2/repository/org/apiguardian/apiguardian-api/1.1.2/apiguardian-api-1.1.2.jar:/home/jrakhman/.m2/repository/org/jetbrains/annotations/23.0.0/annotations-23.0.0.jar:/home/jrakhman/.m2/repository/org/testcontainers/testcontainers/1.17.2/testcontainers-1.17.2.jar:/home/jrakhman/.m2/repository/junit/junit/4.13.2/junit-4.13.2.jar:/home/jrakhman/.m2/repository/org/hamcrest/hamcrest-core/2.2/hamcrest-core-2.2.jar:/home/jrakhman/.m2/repository/org/slf4j/slf4j-api/1.7.36/slf4j-api-1.7.36.jar:/home/jrakhman/.m2/repository/org/apache/commons/commons-compress/1.21/commons-compress-1.21.jar:/home/jrakhman/.m2/repository/org/rnorth/duct-tape/duct-tape/1.0.8/duct-tape-1.0.8.jar:/home/jrakhman/.m2/repository/com/github/docker-java/docker-java-api/3.2.13/docker-java-api-3.2.13.jar:/home/jrakhman/.m2/repository/com/github/docker-java/docker-java-transport-zerodep/3.2.13/docker-java-transport-zerodep-3.2.13.jar:/home/jrakhman/.m2/repository/com/github/docker-java/docker-java-transport/3.2.13/docker-java-transport-3.2.13.jar:/home/jrakhman/.m2/repository/net/java/dev/jna/jna/5.8.0/jna-5.8.0.jar:/home/jrakhman/.m2/repository/org/testcontainers/mongodb/1.17.2/mongodb-1.17.2.jar:/home/jrakhman/.m2/repository/org/testcontainers/junit-jupiter/1.17.2/junit-jupiter-1.17.2.jar:"/>
    <property name="java.vm.vendor" value="Eclipse Adoptium"/>
    <property name="sun.arch.data.model" value="64"/>
    <property name="java.vendor.url" value="https://adoptium.net/"/>
    <property name="os.name" value="Linux"/>
    <property name="java.vm.specification.version" value="17"/>
    <property name="sun.java.launcher" value="SUN_STANDARD"/>
    <property name="user.country" value="US"/>
    <property name="sun.boot.library.path" value="/home/jrakhman/.sdkman/candidates/java/17.0.4.1-tem/lib"/>
    <property name="sun.java.command" value="/home/jrakhman/projects/task_agile/task_agile_spring/target/surefire/surefirebooter5072615936439478657.jar /home/jrakhman/projects/task_agile/task_agile_spring/target/surefire 2022-10-04T00-12-39_965-jvmRun1 surefire7141329080633943247tmp surefire_013537329485548007965tmp"/>
    <property name="jdk.debug" value="release"/>
    <property name="surefire.test.class.path" value="/home/jrakhman/projects/task_agile/task_agile_spring/target/test-classes:/home/jrakhman/projects/task_agile/task_agile_spring/target/classes:/home/jrakhman/.m2/repository/org/springframework/boot/spring-boot-starter-security/2.7.1/spring-boot-starter-security-2.7.1.jar:/home/jrakhman/.m2/repository/org/springframework/boot/spring-boot-starter/2.7.1/spring-boot-starter-2.7.1.jar:/home/jrakhman/.m2/repository/org/springframework/boot/spring-boot-starter-logging/2.7.1/spring-boot-starter-logging-2.7.1.jar:/home/jrakhman/.m2/repository/ch/qos/logback/logback-classic/1.2.11/logback-classic-1.2.11.jar:/home/jrakhman/.m2/repository/ch/qos/logback/logback-core/1.2.11/logback-core-1.2.11.jar:/home/jrakhman/.m2/repository/org/apache/logging/log4j/log4j-to-slf4j/2.17.2/log4j-to-slf4j-2.17.2.jar:/home/jrakhman/.m2/repository/org/slf4j/jul-to-slf4j/1.7.36/jul-to-slf4j-1.7.36.jar:/home/jrakhman/.m2/repository/jakarta/annotation/jakarta.annotation-api/1.3.5/jakarta.annotation-api-1.3.5.jar:/home/jrakhman/.m2/repository/org/yaml/snakeyaml/1.30/snakeyaml-1.30.jar:/home/jrakhman/.m2/repository/org/springframework/spring-aop/5.3.21/spring-aop-5.3.21.jar:/home/jrakhman/.m2/repository/org/springframework/spring-beans/5.3.21/spring-beans-5.3.21.jar:/home/jrakhman/.m2/repository/org/springframework/security/spring-security-config/5.7.2/spring-security-config-5.7.2.jar:/home/jrakhman/.m2/repository/org/springframework/spring-context/5.3.21/spring-context-5.3.21.jar:/home/jrakhman/.m2/repository/org/springframework/security/spring-security-web/5.7.2/spring-security-web-5.7.2.jar:/home/jrakhman/.m2/repository/org/springframework/spring-expression/5.3.21/spring-expression-5.3.21.jar:/home/jrakhman/.m2/repository/org/springframework/boot/spring-boot-starter-webflux/2.7.1/spring-boot-starter-webflux-2.7.1.jar:/home/jrakhman/.m2/repository/org/springframework/boot/spring-boot-starter-json/2.7.1/spring-boot-starter-json-2.7.1.jar:/home/jrakhman/.m2/repository/com/fasterxml/jackson/datatype/jackson-datatype-jdk8/2.13.3/jackson-datatype-jdk8-2.13.3.jar:/home/jrakhman/.m2/repository/com/fasterxml/jackson/datatype/jackson-datatype-jsr310/2.13.3/jackson-datatype-jsr310-2.13.3.jar:/home/jrakhman/.m2/repository/com/fasterxml/jackson/module/jackson-module-parameter-names/2.13.3/jackson-module-parameter-names-2.13.3.jar:/home/jrakhman/.m2/repository/org/springframework/boot/spring-boot-starter-reactor-netty/2.7.1/spring-boot-starter-reactor-netty-2.7.1.jar:/home/jrakhman/.m2/repository/io/projectreactor/netty/reactor-netty-http/1.0.20/reactor-netty-http-1.0.20.jar:/home/jrakhman/.m2/repository/io/netty/netty-codec-http/4.1.78.Final/netty-codec-http-4.1.78.Final.jar:/home/jrakhman/.m2/repository/io/netty/netty-common/4.1.78.Final/netty-common-4.1.78.Final.jar:/home/jrakhman/.m2/repository/io/netty/netty-buffer/4.1.78.Final/netty-buffer-4.1.78.Final.jar:/home/jrakhman/.m2/repository/io/netty/netty-transport/4.1.78.Final/netty-transport-4.1.78.Final.jar:/home/jrakhman/.m2/repository/io/netty/netty-codec/4.1.78.Final/netty-codec-4.1.78.Final.jar:/home/jrakhman/.m2/repository/io/netty/netty-handler/4.1.78.Final/netty-handler-4.1.78.Final.jar:/home/jrakhman/.m2/repository/io/netty/netty-codec-http2/4.1.78.Final/netty-codec-http2-4.1.78.Final.jar:/home/jrakhman/.m2/repository/io/netty/netty-resolver-dns/4.1.78.Final/netty-resolver-dns-4.1.78.Final.jar:/home/jrakhman/.m2/repository/io/netty/netty-resolver/4.1.78.Final/netty-resolver-4.1.78.Final.jar:/home/jrakhman/.m2/repository/io/netty/netty-codec-dns/4.1.78.Final/netty-codec-dns-4.1.78.Final.jar:/home/jrakhman/.m2/repository/io/netty/netty-resolver-dns-native-macos/4.1.78.Final/netty-resolver-dns-native-macos-4.1.78.Final-osx-x86_64.jar:/home/jrakhman/.m2/repository/io/netty/netty-resolver-dns-classes-macos/4.1.78.Final/netty-resolver-dns-classes-macos-4.1.78.Final.jar:/home/jrakhman/.m2/repository/io/netty/netty-transport-native-epoll/4.1.78.Final/netty-transport-native-epoll-4.1.78.Final-linux-x86_64.jar:/home/jrakhman/.m2/repository/io/netty/netty-transport-native-unix-common/4.1.78.Final/netty-transport-native-unix-common-4.1.78.Final.jar:/home/jrakhman/.m2/repository/io/netty/netty-transport-classes-epoll/4.1.78.Final/netty-transport-classes-epoll-4.1.78.Final.jar:/home/jrakhman/.m2/repository/io/projectreactor/netty/reactor-netty-core/1.0.20/reactor-netty-core-1.0.20.jar:/home/jrakhman/.m2/repository/io/netty/netty-handler-proxy/4.1.78.Final/netty-handler-proxy-4.1.78.Final.jar:/home/jrakhman/.m2/repository/io/netty/netty-codec-socks/4.1.78.Final/netty-codec-socks-4.1.78.Final.jar:/home/jrakhman/.m2/repository/org/springframework/spring-web/5.3.21/spring-web-5.3.21.jar:/home/jrakhman/.m2/repository/org/springframework/spring-webflux/5.3.21/spring-webflux-5.3.21.jar:/home/jrakhman/.m2/repository/org/springframework/boot/spring-boot-starter-validation/2.7.1/spring-boot-starter-validation-2.7.1.jar:/home/jrakhman/.m2/repository/org/apache/tomcat/embed/tomcat-embed-el/9.0.64/tomcat-embed-el-9.0.64.jar:/home/jrakhman/.m2/repository/org/hibernate/validator/hibernate-validator/6.2.3.Final/hibernate-validator-6.2.3.Final.jar:/home/jrakhman/.m2/repository/jakarta/validation/jakarta.validation-api/2.0.2/jakarta.validation-api-2.0.2.jar:/home/jrakhman/.m2/repository/org/jboss/logging/jboss-logging/3.4.3.Final/jboss-logging-3.4.3.Final.jar:/home/jrakhman/.m2/repository/com/fasterxml/classmate/1.5.1/classmate-1.5.1.jar:/home/jrakhman/.m2/repository/org/springframework/boot/spring-boot-devtools/2.7.1/spring-boot-devtools-2.7.1.jar:/home/jrakhman/.m2/repository/org/springframework/boot/spring-boot/2.7.1/spring-boot-2.7.1.jar:/home/jrakhman/.m2/repository/org/springframework/boot/spring-boot-autoconfigure/2.7.1/spring-boot-autoconfigure-2.7.1.jar:/home/jrakhman/.m2/repository/org/springframework/boot/spring-boot-starter-data-mongodb-reactive/2.7.1/spring-boot-starter-data-mongodb-reactive-2.7.1.jar:/home/jrakhman/.m2/repository/io/projectreactor/reactor-core/3.4.19/reactor-core-3.4.19.jar:/home/jrakhman/.m2/repository/org/reactivestreams/reactive-streams/1.0.4/reactive-streams-1.0.4.jar:/home/jrakhman/.m2/repository/org/mongodb/mongodb-driver-reactivestreams/4.6.1/mongodb-driver-reactivestreams-4.6.1.jar:/home/jrakhman/.m2/repository/org/mongodb/bson/4.6.1/bson-4.6.1.jar:/home/jrakhman/.m2/repository/org/mongodb/mongodb-driver-core/4.6.1/mongodb-driver-core-4.6.1.jar:/home/jrakhman/.m2/repository/org/mongodb/bson-record-codec/4.6.1/bson-record-codec-4.6.1.jar:/home/jrakhman/.m2/repository/org/springframework/data/spring-data-mongodb/3.4.1/spring-data-mongodb-3.4.1.jar:/home/jrakhman/.m2/repository/org/springframework/spring-tx/5.3.21/spring-tx-5.3.21.jar:/home/jrakhman/.m2/repository/org/springframework/data/spring-data-commons/2.7.1/spring-data-commons-2.7.1.jar:/home/jrakhman/.m2/repository/org/projectlombok/lombok/1.18.24/lombok-1.18.24.jar:/home/jrakhman/.m2/repository/org/apache/commons/commons-lang3/3.12.0/commons-lang3-3.12.0.jar:/home/jrakhman/.m2/repository/org/apache/logging/log4j/log4j-core/2.17.2/log4j-core-2.17.2.jar:/home/jrakhman/.m2/repository/org/apache/logging/log4j/log4j-api/2.17.2/log4j-api-2.17.2.jar:/home/jrakhman/.m2/repository/com/auth0/java-jwt/3.19.2/java-jwt-3.19.2.jar:/home/jrakhman/.m2/repository/com/fasterxml/jackson/core/jackson-databind/2.13.3/jackson-databind-2.13.3.jar:/home/jrakhman/.m2/repository/com/fasterxml/jackson/core/jackson-annotations/2.13.3/jackson-annotations-2.13.3.jar:/home/jrakhman/.m2/repository/com/fasterxml/jackson/core/jackson-core/2.13.3/jackson-core-2.13.3.jar:/home/jrakhman/.m2/repository/org/springdoc/springdoc-openapi-webflux-ui/1.6.9/springdoc-openapi-webflux-ui-1.6.9.jar:/home/jrakhman/.m2/repository/org/springdoc/springdoc-openapi-webflux-core/1.6.9/springdoc-openapi-webflux-core-1.6.9.jar:/home/jrakhman/.m2/repository/org/springdoc/springdoc-openapi-common/1.6.9/springdoc-openapi-common-1.6.9.jar:/home/jrakhman/.m2/repository/io/swagger/core/v3/swagger-core/2.2.0/swagger-core-2.2.0.jar:/home/jrakhman/.m2/repository/com/fasterxml/jackson/dataformat/jackson-dataformat-yaml/2.13.3/jackson-dataformat-yaml-2.13.3.jar:/home/jrakhman/.m2/repository/io/swagger/core/v3/swagger-annotations/2.2.0/swagger-annotations-2.2.0.jar:/home/jrakhman/.m2/repository/io/swagger/core/v3/swagger-models/2.2.0/swagger-models-2.2.0.jar:/home/jrakhman/.m2/repository/org/webjars/swagger-ui/4.11.1/swagger-ui-4.11.1.jar:/home/jrakhman/.m2/repository/org/webjars/webjars-locator-core/0.50/webjars-locator-core-0.50.jar:/home/jrakhman/.m2/repository/io/github/classgraph/classgraph/4.8.147/classgraph-4.8.147.jar:/home/jrakhman/.m2/repository/org/springframework/boot/spring-boot-starter-test/2.7.1/spring-boot-starter-test-2.7.1.jar:/home/jrakhman/.m2/repository/org/springframework/boot/spring-boot-test/2.7.1/spring-boot-test-2.7.1.jar:/home/jrakhman/.m2/repository/org/springframework/boot/spring-boot-test-autoconfigure/2.7.1/spring-boot-test-autoconfigure-2.7.1.jar:/home/jrakhman/.m2/repository/com/jayway/jsonpath/json-path/2.7.0/json-path-2.7.0.jar:/home/jrakhman/.m2/repository/net/minidev/json-smart/2.4.8/json-smart-2.4.8.jar:/home/jrakhman/.m2/repository/net/minidev/accessors-smart/2.4.8/accessors-smart-2.4.8.jar:/home/jrakhman/.m2/repository/org/ow2/asm/asm/9.1/asm-9.1.jar:/home/jrakhman/.m2/repository/jakarta/xml/bind/jakarta.xml.bind-api/2.3.3/jakarta.xml.bind-api-2.3.3.jar:/home/jrakhman/.m2/repository/jakarta/activation/jakarta.activation-api/1.2.2/jakarta.activation-api-1.2.2.jar:/home/jrakhman/.m2/repository/org/assertj/assertj-core/3.22.0/assertj-core-3.22.0.jar:/home/jrakhman/.m2/repository/org/hamcrest/hamcrest/2.2/hamcrest-2.2.jar:/home/jrakhman/.m2/repository/org/junit/jupiter/junit-jupiter/5.8.2/junit-jupiter-5.8.2.jar:/home/jrakhman/.m2/repository/org/junit/jupiter/junit-jupiter-params/5.8.2/junit-jupiter-params-5.8.2.jar:/home/jrakhman/.m2/repository/org/junit/jupiter/junit-jupiter-engine/5.8.2/junit-jupiter-engine-5.8.2.jar:/home/jrakhman/.m2/repository/org/junit/platform/junit-platform-engine/1.8.2/junit-platform-engine-1.8.2.jar:/home/jrakhman/.m2/repository/org/mockito/mockito-core/4.5.1/mockito-core-4.5.1.jar:/home/jrakhman/.m2/repository/net/bytebuddy/byte-buddy/1.12.11/byte-buddy-1.12.11.jar:/home/jrakhman/.m2/repository/net/bytebuddy/byte-buddy-agent/1.12.11/byte-buddy-agent-1.12.11.jar:/home/jrakhman/.m2/repository/org/objenesis/objenesis/3.2/objenesis-3.2.jar:/home/jrakhman/.m2/repository/org/mockito/mockito-junit-jupiter/4.5.1/mockito-junit-jupiter-4.5.1.jar:/home/jrakhman/.m2/repository/org/skyscreamer/jsonassert/1.5.0/jsonassert-1.5.0.jar:/home/jrakhman/.m2/repository/com/vaadin/external/google/android-json/0.0.20131108.vaadin1/android-json-0.0.20131108.vaadin1.jar:/home/jrakhman/.m2/repository/org/springframework/spring-core/5.3.21/spring-core-5.3.21.jar:/home/jrakhman/.m2/repository/org/springframework/spring-jcl/5.3.21/spring-jcl-5.3.21.jar:/home/jrakhman/.m2/repository/org/springframework/spring-test/5.3.21/spring-test-5.3.21.jar:/home/jrakhman/.m2/repository/org/xmlunit/xmlunit-core/2.9.0/xmlunit-core-2.9.0.jar:/home/jrakhman/.m2/repository/org/springframework/security/spring-security-test/5.7.2/spring-security-test-5.7.2.jar:/home/jrakhman/.m2/repository/org/springframework/security/spring-security-core/5.7.2/spring-security-core-5.7.2.jar:/home/jrakhman/.m2/repository/org/springframework/security/spring-security-crypto/5.7.2/spring-security-crypto-5.7.2.jar:/home/jrakhman/.m2/repository/io/projectreactor/reactor-test/3.4.18/reactor-test-3.4.18.jar:/home/jrakhman/.m2/repository/org/junit/jupiter/junit-jupiter-api/5.8.2/junit-jupiter-api-5.8.2.jar:/home/jrakhman/.m2/repository/org/opentest4j/opentest4j/1.2.0/opentest4j-1.2.0.jar:/home/jrakhman/.m2/repository/org/junit/platform/junit-platform-commons/1.8.2/junit-platform-commons-1.8.2.jar:/home/jrakhman/.m2/repository/org/apiguardian/apiguardian-api/1.1.2/apiguardian-api-1.1.2.jar:/home/jrakhman/.m2/repository/org/jetbrains/annotations/23.0.0/annotations-23.0.0.jar:/home/jrakhman/.m2/repository/org/testcontainers/testcontainers/1.17.2/testcontainers-1.17.2.jar:/home/jrakhman/.m2/repository/junit/junit/4.13.2/junit-4.13.2.jar:/home/jrakhman/.m2/repository/org/hamcrest/hamcrest-core/2.2/hamcrest-core-2.2.jar:/home/jrakhman/.m2/repository/org/slf4j/slf4j-api/1.7.36/slf4j-api-1.7.36.jar:/home/jrakhman/.m2/repository/org/apache/commons/commons-compress/1.21/commons-compress-1.21.jar:/home/jrakhman/.m2/repository/org/rnorth/duct-tape/duct-tape/1.0.8/duct-tape-1.0.8.jar:/home/jrakhman/.m2/repository/com/github/docker-java/docker-java-api/3.2.13/docker-java-api-3.2.13.jar:/home/jrakhman/.m2/repository/com/github/docker-java/docker-java-transport-zerodep/3.2.13/docker-java-transport-zerodep-3.2.13.jar:/home/jrakhman/.m2/repository/com/github/docker-java/docker-java-transport/3.2.13/docker-java-transport-3.2.13.jar:/home/jrakhman/.m2/repository/net/java/dev/jna/jna/5.8.0/jna-5.8.0.jar:/home/jrakhman/.m2/repository/org/testcontainers/mongodb/1.17.2/mongodb-1.17.2.jar:/home/jrakhman/.m2/repository/org/testcontainers/junit-jupiter/1.17.2/junit-jupiter-1.17.2.jar:"/>
    <property name="sun.cpu.endian" value="little"/>
    <property name="user.home" value="/home/jrakhman"/>
    <property name="user.language" value="en"/>
    <property name="java.specification.vendor" value="Oracle Corporation"/>
    <property name="java.version.date" value="2022-08-12"/>
    <property name="java.home" value="/home/jrakhman/.sdkman/candidates/java/17.0.4.1-tem"/>
    <property name="file.separator" value="/"/>
    <property name="basedir" value="/home/jrakhman/projects/task_agile/task_agile_spring"/>
    <property name="java.vm.compressedOopsMode" value="Zero based"/>
    <property name="line.separator" value="&#10;"/>
    <property name="java.vm.specification.vendor" value="Oracle Corporation"/>
    <property name="java.specification.name" value="Java Platform API Specification"/>
    <property name="skipITs" value="false"/>
    <property name="surefire.real.class.path" value="/home/jrakhman/projects/task_agile/task_agile_spring/target/surefire/surefirebooter5072615936439478657.jar"/>
    <property name="sun.management.compiler" value="HotSpot 64-Bit Tiered Compilers"/>
    <property name="java.runtime.version" value="17.0.4.1+1"/>
    <property name="user.name" value="jrakhman"/>
    <property name="path.separator" value=":"/>
    <property name="os.version" value="5.19.0-76051900-generic"/>
    <property name="java.runtime.name" value="OpenJDK Runtime Environment"/>
    <property name="file.encoding" value="UTF-8"/>
    <property name="java.vm.name" value="OpenJDK 64-Bit Server VM"/>
    <property name="java.vendor.version" value="Temurin-17.0.4.1+1"/>
    <property name="localRepository" value="/home/jrakhman/.m2/repository"/>
    <property name="java.vendor.url.bug" value="https://github.com/adoptium/adoptium-support/issues"/>
    <property name="java.io.tmpdir" value="/tmp"/>
    <property name="java.version" value="17.0.4.1"/>
    <property name="user.dir" value="/home/jrakhman/projects/task_agile/task_agile_spring"/>
    <property name="os.arch" value="amd64"/>
    <property name="java.vm.specification.name" value="Java Virtual Machine Specification"/>
    <property name="native.encoding" value="UTF-8"/>
    <property name="java.library.path" value="/usr/java/packages/lib:/usr/lib64:/lib64:/lib:/usr/lib"/>
    <property name="java.vm.info" value="mixed mode, sharing"/>
    <property name="java.vendor" value="Eclipse Adoptium"/>
    <property name="java.vm.version" value="17.0.4.1+1"/>
    <property name="sun.io.unicode.encoding" value="UnicodeLittle"/>
    <property name="java.class.version" value="61.0"/>
  </properties>
  <testcase name="shouldReturnTokens_whenAuthenticate_withValidUsernameAndPassword" classname="com.trello.clone.application.service.IdentityServiceTest" time="0.102"/>
  <testcase name="shouldReturnOk_whenUserLogout_andSessionExists" classname="com.trello.clone.application.service.IdentityServiceTest" time="0.002"/>
  <testcase name="shouldReturnTokens_whenRefresh_withValidRefreshToken" classname="com.trello.clone.application.service.IdentityServiceTest" time="0.002"/>
  <testcase name="shouldReturnError_whenUserLogin_andSessionAlreadyExists" classname="com.trello.clone.application.service.IdentityServiceTest" time="0.004"/>
</testsuite>