<?xml version="1.0" encoding="UTF-8"?>
<testsuite xmlns:xsi="http://www.w3.org/2001/XMLSchema-instance" xsi:noNamespaceSchemaLocation="https://maven.apache.org/surefire/maven-failsafe-plugin/xsd/failsafe-test-report.xsd" name="com.trello.clone.integration.AlmendeServiceIT" time="43.178" tests="16" errors="0" skipped="0" failures="11">
  <properties>
    <property name="java.specification.version" value="17"/>
    <property name="sun.jnu.encoding" value="UTF-8"/>
    <property name="java.class.path" value="/home/jrakhman/projects/task_agile/task_agile_spring/target/test-classes:/home/jrakhman/projects/task_agile/task_agile_spring/target/classes:/home/jrakhman/.m2/repository/org/springframework/boot/spring-boot-starter-security/2.7.1/spring-boot-starter-security-2.7.1.jar:/home/jrakhman/.m2/repository/org/springframework/boot/spring-boot-starter/2.7.1/spring-boot-starter-2.7.1.jar:/home/jrakhman/.m2/repository/org/springframework/boot/spring-boot-starter-logging/2.7.1/spring-boot-starter-logging-2.7.1.jar:/home/jrakhman/.m2/repository/ch/qos/logback/logback-classic/1.2.11/logback-classic-1.2.11.jar:/home/jrakhman/.m2/repository/ch/qos/logback/logback-core/1.2.11/logback-core-1.2.11.jar:/home/jrakhman/.m2/repository/org/apache/logging/log4j/log4j-to-slf4j/2.17.2/log4j-to-slf4j-2.17.2.jar:/home/jrakhman/.m2/repository/org/slf4j/jul-to-slf4j/1.7.36/jul-to-slf4j-1.7.36.jar:/home/jrakhman/.m2/repository/jakarta/annotation/jakarta.annotation-api/1.3.5/jakarta.annotation-api-1.3.5.jar:/home/jrakhman/.m2/repository/org/yaml/snakeyaml/1.30/snakeyaml-1.30.jar:/home/jrakhman/.m2/repository/org/springframework/spring-aop/5.3.21/spring-aop-5.3.21.jar:/home/jrakhman/.m2/repository/org/springframework/spring-beans/5.3.21/spring-beans-5.3.21.jar:/home/jrakhman/.m2/repository/org/springframework/security/spring-security-config/5.7.2/spring-security-config-5.7.2.jar:/home/jrakhman/.m2/repository/org/springframework/spring-context/5.3.21/spring-context-5.3.21.jar:/home/jrakhman/.m2/repository/org/springframework/security/spring-security-web/5.7.2/spring-security-web-5.7.2.jar:/home/jrakhman/.m2/repository/org/springframework/spring-expression/5.3.21/spring-expression-5.3.21.jar:/home/jrakhman/.m2/repository/org/springframework/boot/spring-boot-starter-webflux/2.7.1/spring-boot-starter-webflux-2.7.1.jar:/home/jrakhman/.m2/repository/org/springframework/boot/spring-boot-starter-json/2.7.1/spring-boot-starter-json-2.7.1.jar:/home/jrakhman/.m2/repository/com/fasterxml/jackson/datatype/jackson-datatype-jdk8/2.13.3/jackson-datatype-jdk8-2.13.3.jar:/home/jrakhman/.m2/repository/com/fasterxml/jackson/datatype/jackson-datatype-jsr310/2.13.3/jackson-datatype-jsr310-2.13.3.jar:/home/jrakhman/.m2/repository/com/fasterxml/jackson/module/jackson-module-parameter-names/2.13.3/jackson-module-parameter-names-2.13.3.jar:/home/jrakhman/.m2/repository/org/springframework/boot/spring-boot-starter-reactor-netty/2.7.1/spring-boot-starter-reactor-netty-2.7.1.jar:/home/jrakhman/.m2/repository/io/projectreactor/netty/reactor-netty-http/1.0.20/reactor-netty-http-1.0.20.jar:/home/jrakhman/.m2/repository/io/netty/netty-codec-http/4.1.78.Final/netty-codec-http-4.1.78.Final.jar:/home/jrakhman/.m2/repository/io/netty/netty-common/4.1.78.Final/netty-common-4.1.78.Final.jar:/home/jrakhman/.m2/repository/io/netty/netty-buffer/4.1.78.Final/netty-buffer-4.1.78.Final.jar:/home/jrakhman/.m2/repository/io/netty/netty-transport/4.1.78.Final/netty-transport-4.1.78.Final.jar:/home/jrakhman/.m2/repository/io/netty/netty-codec/4.1.78.Final/netty-codec-4.1.78.Final.jar:/home/jrakhman/.m2/repository/io/netty/netty-handler/4.1.78.Final/netty-handler-4.1.78.Final.jar:/home/jrakhman/.m2/repository/io/netty/netty-codec-http2/4.1.78.Final/netty-codec-http2-4.1.78.Final.jar:/home/jrakhman/.m2/repository/io/netty/netty-resolver-dns/4.1.78.Final/netty-resolver-dns-4.1.78.Final.jar:/home/jrakhman/.m2/repository/io/netty/netty-resolver/4.1.78.Final/netty-resolver-4.1.78.Final.jar:/home/jrakhman/.m2/repository/io/netty/netty-codec-dns/4.1.78.Final/netty-codec-dns-4.1.78.Final.jar:/home/jrakhman/.m2/repository/io/netty/netty-resolver-dns-native-macos/4.1.78.Final/netty-resolver-dns-native-macos-4.1.78.Final-osx-x86_64.jar:/home/jrakhman/.m2/repository/io/netty/netty-resolver-dns-classes-macos/4.1.78.Final/netty-resolver-dns-classes-macos-4.1.78.Final.jar:/home/jrakhman/.m2/repository/io/netty/netty-transport-native-epoll/4.1.78.Final/netty-transport-native-epoll-4.1.78.Final-linux-x86_64.jar:/home/jrakhman/.m2/repository/io/netty/netty-transport-native-unix-common/4.1.78.Final/netty-transport-native-unix-common-4.1.78.Final.jar:/home/jrakhman/.m2/repository/io/netty/netty-transport-classes-epoll/4.1.78.Final/netty-transport-classes-epoll-4.1.78.Final.jar:/home/jrakhman/.m2/repository/io/projectreactor/netty/reactor-netty-core/1.0.20/reactor-netty-core-1.0.20.jar:/home/jrakhman/.m2/repository/io/netty/netty-handler-proxy/4.1.78.Final/netty-handler-proxy-4.1.78.Final.jar:/home/jrakhman/.m2/repository/io/netty/netty-codec-socks/4.1.78.Final/netty-codec-socks-4.1.78.Final.jar:/home/jrakhman/.m2/repository/org/springframework/spring-web/5.3.21/spring-web-5.3.21.jar:/home/jrakhman/.m2/repository/org/springframework/spring-webflux/5.3.21/spring-webflux-5.3.21.jar:/home/jrakhman/.m2/repository/org/springframework/boot/spring-boot-starter-validation/2.7.1/spring-boot-starter-validation-2.7.1.jar:/home/jrakhman/.m2/repository/org/apache/tomcat/embed/tomcat-embed-el/9.0.64/tomcat-embed-el-9.0.64.jar:/home/jrakhman/.m2/repository/org/hibernate/validator/hibernate-validator/6.2.3.Final/hibernate-validator-6.2.3.Final.jar:/home/jrakhman/.m2/repository/jakarta/validation/jakarta.validation-api/2.0.2/jakarta.validation-api-2.0.2.jar:/home/jrakhman/.m2/repository/org/jboss/logging/jboss-logging/3.4.3.Final/jboss-logging-3.4.3.Final.jar:/home/jrakhman/.m2/repository/com/fasterxml/classmate/1.5.1/classmate-1.5.1.jar:/home/jrakhman/.m2/repository/org/springframework/boot/spring-boot-devtools/2.7.1/spring-boot-devtools-2.7.1.jar:/home/jrakhman/.m2/repository/org/springframework/boot/spring-boot/2.7.1/spring-boot-2.7.1.jar:/home/jrakhman/.m2/repository/org/springframework/boot/spring-boot-autoconfigure/2.7.1/spring-boot-autoconfigure-2.7.1.jar:/home/jrakhman/.m2/repository/org/springframework/boot/spring-boot-starter-data-mongodb-reactive/2.7.1/spring-boot-starter-data-mongodb-reactive-2.7.1.jar:/home/jrakhman/.m2/repository/io/projectreactor/reactor-core/3.4.19/reactor-core-3.4.19.jar:/home/jrakhman/.m2/repository/org/reactivestreams/reactive-streams/1.0.4/reactive-streams-1.0.4.jar:/home/jrakhman/.m2/repository/org/mongodb/mongodb-driver-reactivestreams/4.6.1/mongodb-driver-reactivestreams-4.6.1.jar:/home/jrakhman/.m2/repository/org/mongodb/bson/4.6.1/bson-4.6.1.jar:/home/jrakhman/.m2/repository/org/mongodb/mongodb-driver-core/4.6.1/mongodb-driver-core-4.6.1.jar:/home/jrakhman/.m2/repository/org/mongodb/bson-record-codec/4.6.1/bson-record-codec-4.6.1.jar:/home/jrakhman/.m2/repository/org/springframework/data/spring-data-mongodb/3.4.1/spring-data-mongodb-3.4.1.jar:/home/jrakhman/.m2/repository/org/springframework/spring-tx/5.3.21/spring-tx-5.3.21.jar:/home/jrakhman/.m2/repository/org/springframework/data/spring-data-commons/2.7.1/spring-data-commons-2.7.1.jar:/home/jrakhman/.m2/repository/org/projectlombok/lombok/1.18.24/lombok-1.18.24.jar:/home/jrakhman/.m2/repository/org/apache/commons/commons-lang3/3.12.0/commons-lang3-3.12.0.jar:/home/jrakhman/.m2/repository/org/apache/logging/log4j/log4j-core/2.17.2/log4j-core-2.17.2.jar:/home/jrakhman/.m2/repository/org/apache/logging/log4j/log4j-api/2.17.2/log4j-api-2.17.2.jar:/home/jrakhman/.m2/repository/com/auth0/java-jwt/3.19.2/java-jwt-3.19.2.jar:/home/jrakhman/.m2/repository/com/fasterxml/jackson/core/jackson-databind/2.13.3/jackson-databind-2.13.3.jar:/home/jrakhman/.m2/repository/com/fasterxml/jackson/core/jackson-annotations/2.13.3/jackson-annotations-2.13.3.jar:/home/jrakhman/.m2/repository/com/fasterxml/jackson/core/jackson-core/2.13.3/jackson-core-2.13.3.jar:/home/jrakhman/.m2/repository/org/springdoc/springdoc-openapi-webflux-ui/1.6.9/springdoc-openapi-webflux-ui-1.6.9.jar:/home/jrakhman/.m2/repository/org/springdoc/springdoc-openapi-webflux-core/1.6.9/springdoc-openapi-webflux-core-1.6.9.jar:/home/jrakhman/.m2/repository/org/springdoc/springdoc-openapi-common/1.6.9/springdoc-openapi-common-1.6.9.jar:/home/jrakhman/.m2/repository/io/swagger/core/v3/swagger-core/2.2.0/swagger-core-2.2.0.jar:/home/jrakhman/.m2/repository/com/fasterxml/jackson/dataformat/jackson-dataformat-yaml/2.13.3/jackson-dataformat-yaml-2.13.3.jar:/home/jrakhman/.m2/repository/io/swagger/core/v3/swagger-annotations/2.2.0/swagger-annotations-2.2.0.jar:/home/jrakhman/.m2/repository/io/swagger/core/v3/swagger-models/2.2.0/swagger-models-2.2.0.jar:/home/jrakhman/.m2/repository/org/webjars/swagger-ui/4.11.1/swagger-ui-4.11.1.jar:/home/jrakhman/.m2/repository/org/webjars/webjars-locator-core/0.50/webjars-locator-core-0.50.jar:/home/jrakhman/.m2/repository/io/github/classgraph/classgraph/4.8.147/classgraph-4.8.147.jar:/home/jrakhman/.m2/repository/org/springframework/boot/spring-boot-starter-test/2.7.1/spring-boot-starter-test-2.7.1.jar:/home/jrakhman/.m2/repository/org/springframework/boot/spring-boot-test/2.7.1/spring-boot-test-2.7.1.jar:/home/jrakhman/.m2/repository/org/springframework/boot/spring-boot-test-autoconfigure/2.7.1/spring-boot-test-autoconfigure-2.7.1.jar:/home/jrakhman/.m2/repository/com/jayway/jsonpath/json-path/2.7.0/json-path-2.7.0.jar:/home/jrakhman/.m2/repository/net/minidev/json-smart/2.4.8/json-smart-2.4.8.jar:/home/jrakhman/.m2/repository/net/minidev/accessors-smart/2.4.8/accessors-smart-2.4.8.jar:/home/jrakhman/.m2/repository/org/ow2/asm/asm/9.1/asm-9.1.jar:/home/jrakhman/.m2/repository/jakarta/xml/bind/jakarta.xml.bind-api/2.3.3/jakarta.xml.bind-api-2.3.3.jar:/home/jrakhman/.m2/repository/jakarta/activation/jakarta.activation-api/1.2.2/jakarta.activation-api-1.2.2.jar:/home/jrakhman/.m2/repository/org/assertj/assertj-core/3.22.0/assertj-core-3.22.0.jar:/home/jrakhman/.m2/repository/org/hamcrest/hamcrest/2.2/hamcrest-2.2.jar:/home/jrakhman/.m2/repository/org/junit/jupiter/junit-jupiter/5.8.2/junit-jupiter-5.8.2.jar:/home/jrakhman/.m2/repository/org/junit/jupiter/junit-jupiter-params/5.8.2/junit-jupiter-params-5.8.2.jar:/home/jrakhman/.m2/repository/org/junit/jupiter/junit-jupiter-engine/5.8.2/junit-jupiter-engine-5.8.2.jar:/home/jrakhman/.m2/repository/org/junit/platform/junit-platform-engine/1.8.2/junit-platform-engine-1.8.2.jar:/home/jrakhman/.m2/repository/org/mockito/mockito-core/4.5.1/mockito-core-4.5.1.jar:/home/jrakhman/.m2/repository/net/bytebuddy/byte-buddy/1.12.11/byte-buddy-1.12.11.jar:/home/jrakhman/.m2/repository/net/bytebuddy/byte-buddy-agent/1.12.11/byte-buddy-agent-1.12.11.jar:/home/jrakhman/.m2/repository/org/objenesis/objenesis/3.2/objenesis-3.2.jar:/home/jrakhman/.m2/repository/org/mockito/mockito-junit-jupiter/4.5.1/mockito-junit-jupiter-4.5.1.jar:/home/jrakhman/.m2/repository/org/skyscreamer/jsonassert/1.5.0/jsonassert-1.5.0.jar:/home/jrakhman/.m2/repository/com/vaadin/external/google/android-json/0.0.20131108.vaadin1/android-json-0.0.20131108.vaadin1.jar:/home/jrakhman/.m2/repository/org/springframework/spring-core/5.3.21/spring-core-5.3.21.jar:/home/jrakhman/.m2/repository/org/springframework/spring-jcl/5.3.21/spring-jcl-5.3.21.jar:/home/jrakhman/.m2/repository/org/springframework/spring-test/5.3.21/spring-test-5.3.21.jar:/home/jrakhman/.m2/repository/org/xmlunit/xmlunit-core/2.9.0/xmlunit-core-2.9.0.jar:/home/jrakhman/.m2/repository/org/springframework/security/spring-security-test/5.7.2/spring-security-test-5.7.2.jar:/home/jrakhman/.m2/repository/org/springframework/security/spring-security-core/5.7.2/spring-security-core-5.7.2.jar:/home/jrakhman/.m2/repository/org/springframework/security/spring-security-crypto/5.7.2/spring-security-crypto-5.7.2.jar:/home/jrakhman/.m2/repository/io/projectreactor/reactor-test/3.4.18/reactor-test-3.4.18.jar:/home/jrakhman/.m2/repository/org/junit/jupiter/junit-jupiter-api/5.8.2/junit-jupiter-api-5.8.2.jar:/home/jrakhman/.m2/repository/org/opentest4j/opentest4j/1.2.0/opentest4j-1.2.0.jar:/home/jrakhman/.m2/repository/org/junit/platform/junit-platform-commons/1.8.2/junit-platform-commons-1.8.2.jar:/home/jrakhman/.m2/repository/org/apiguardian/apiguardian-api/1.1.2/apiguardian-api-1.1.2.jar:/home/jrakhman/.m2/repository/org/jetbrains/annotations/23.0.0/annotations-23.0.0.jar:/home/jrakhman/.m2/repository/org/testcontainers/testcontainers/1.17.2/testcontainers-1.17.2.jar:/home/jrakhman/.m2/repository/junit/junit/4.13.2/junit-4.13.2.jar:/home/jrakhman/.m2/repository/org/hamcrest/hamcrest-core/2.2/hamcrest-core-2.2.jar:/home/jrakhman/.m2/repository/org/slf4j/slf4j-api/1.7.36/slf4j-api-1.7.36.jar:/home/jrakhman/.m2/repository/org/apache/commons/commons-compress/1.21/commons-compress-1.21.jar:/home/jrakhman/.m2/repository/org/rnorth/duct-tape/duct-tape/1.0.8/duct-tape-1.0.8.jar:/home/jrakhman/.m2/repository/com/github/docker-java/docker-java-api/3.2.13/docker-java-api-3.2.13.jar:/home/jrakhman/.m2/repository/com/github/docker-java/docker-java-transport-zerodep/3.2.13/docker-java-transport-zerodep-3.2.13.jar:/home/jrakhman/.m2/repository/com/github/docker-java/docker-java-transport/3.2.13/docker-java-transport-3.2.13.jar:/home/jrakhman/.m2/repository/net/java/dev/jna/jna/5.8.0/jna-5.8.0.jar:/home/jrakhman/.m2/repository/org/testcontainers/mongodb/1.17.2/mongodb-1.17.2.jar:/home/jrakhman/.m2/repository/org/testcontainers/junit-jupiter/1.17.2/junit-jupiter-1.17.2.jar:"/>
    <property name="java.vm.vendor" value="Eclipse Adoptium"/>
    <property name="sun.arch.data.model" value="64"/>
    <property name="java.vendor.url" value="https://adoptium.net/"/>
    <property name="os.name" value="Linux"/>
    <property name="java.vm.specification.version" value="17"/>
    <property name="sun.java.launcher" value="SUN_STANDARD"/>
    <property name="user.country" value="US"/>
    <property name="sun.boot.library.path" value="/home/jrakhman/.sdkman/candidates/java/17.0.4.1-tem/lib"/>
    <property name="sun.java.command" value="/home/jrakhman/projects/task_agile/task_agile_spring/target/surefire/surefirebooter431158944039115013.jar /home/jrakhman/projects/task_agile/task_agile_spring/target/surefire 2022-10-04T00-12-41_944-jvmRun1 surefire17629665492657786216tmp surefire_012314941659136979877tmp"/>
    <property name="jdk.debug" value="release"/>
    <property name="surefire.test.class.path" value="/home/jrakhman/projects/task_agile/task_agile_spring/target/test-classes:/home/jrakhman/projects/task_agile/task_agile_spring/target/classes:/home/jrakhman/.m2/repository/org/springframework/boot/spring-boot-starter-security/2.7.1/spring-boot-starter-security-2.7.1.jar:/home/jrakhman/.m2/repository/org/springframework/boot/spring-boot-starter/2.7.1/spring-boot-starter-2.7.1.jar:/home/jrakhman/.m2/repository/org/springframework/boot/spring-boot-starter-logging/2.7.1/spring-boot-starter-logging-2.7.1.jar:/home/jrakhman/.m2/repository/ch/qos/logback/logback-classic/1.2.11/logback-classic-1.2.11.jar:/home/jrakhman/.m2/repository/ch/qos/logback/logback-core/1.2.11/logback-core-1.2.11.jar:/home/jrakhman/.m2/repository/org/apache/logging/log4j/log4j-to-slf4j/2.17.2/log4j-to-slf4j-2.17.2.jar:/home/jrakhman/.m2/repository/org/slf4j/jul-to-slf4j/1.7.36/jul-to-slf4j-1.7.36.jar:/home/jrakhman/.m2/repository/jakarta/annotation/jakarta.annotation-api/1.3.5/jakarta.annotation-api-1.3.5.jar:/home/jrakhman/.m2/repository/org/yaml/snakeyaml/1.30/snakeyaml-1.30.jar:/home/jrakhman/.m2/repository/org/springframework/spring-aop/5.3.21/spring-aop-5.3.21.jar:/home/jrakhman/.m2/repository/org/springframework/spring-beans/5.3.21/spring-beans-5.3.21.jar:/home/jrakhman/.m2/repository/org/springframework/security/spring-security-config/5.7.2/spring-security-config-5.7.2.jar:/home/jrakhman/.m2/repository/org/springframework/spring-context/5.3.21/spring-context-5.3.21.jar:/home/jrakhman/.m2/repository/org/springframework/security/spring-security-web/5.7.2/spring-security-web-5.7.2.jar:/home/jrakhman/.m2/repository/org/springframework/spring-expression/5.3.21/spring-expression-5.3.21.jar:/home/jrakhman/.m2/repository/org/springframework/boot/spring-boot-starter-webflux/2.7.1/spring-boot-starter-webflux-2.7.1.jar:/home/jrakhman/.m2/repository/org/springframework/boot/spring-boot-starter-json/2.7.1/spring-boot-starter-json-2.7.1.jar:/home/jrakhman/.m2/repository/com/fasterxml/jackson/datatype/jackson-datatype-jdk8/2.13.3/jackson-datatype-jdk8-2.13.3.jar:/home/jrakhman/.m2/repository/com/fasterxml/jackson/datatype/jackson-datatype-jsr310/2.13.3/jackson-datatype-jsr310-2.13.3.jar:/home/jrakhman/.m2/repository/com/fasterxml/jackson/module/jackson-module-parameter-names/2.13.3/jackson-module-parameter-names-2.13.3.jar:/home/jrakhman/.m2/repository/org/springframework/boot/spring-boot-starter-reactor-netty/2.7.1/spring-boot-starter-reactor-netty-2.7.1.jar:/home/jrakhman/.m2/repository/io/projectreactor/netty/reactor-netty-http/1.0.20/reactor-netty-http-1.0.20.jar:/home/jrakhman/.m2/repository/io/netty/netty-codec-http/4.1.78.Final/netty-codec-http-4.1.78.Final.jar:/home/jrakhman/.m2/repository/io/netty/netty-common/4.1.78.Final/netty-common-4.1.78.Final.jar:/home/jrakhman/.m2/repository/io/netty/netty-buffer/4.1.78.Final/netty-buffer-4.1.78.Final.jar:/home/jrakhman/.m2/repository/io/netty/netty-transport/4.1.78.Final/netty-transport-4.1.78.Final.jar:/home/jrakhman/.m2/repository/io/netty/netty-codec/4.1.78.Final/netty-codec-4.1.78.Final.jar:/home/jrakhman/.m2/repository/io/netty/netty-handler/4.1.78.Final/netty-handler-4.1.78.Final.jar:/home/jrakhman/.m2/repository/io/netty/netty-codec-http2/4.1.78.Final/netty-codec-http2-4.1.78.Final.jar:/home/jrakhman/.m2/repository/io/netty/netty-resolver-dns/4.1.78.Final/netty-resolver-dns-4.1.78.Final.jar:/home/jrakhman/.m2/repository/io/netty/netty-resolver/4.1.78.Final/netty-resolver-4.1.78.Final.jar:/home/jrakhman/.m2/repository/io/netty/netty-codec-dns/4.1.78.Final/netty-codec-dns-4.1.78.Final.jar:/home/jrakhman/.m2/repository/io/netty/netty-resolver-dns-native-macos/4.1.78.Final/netty-resolver-dns-native-macos-4.1.78.Final-osx-x86_64.jar:/home/jrakhman/.m2/repository/io/netty/netty-resolver-dns-classes-macos/4.1.78.Final/netty-resolver-dns-classes-macos-4.1.78.Final.jar:/home/jrakhman/.m2/repository/io/netty/netty-transport-native-epoll/4.1.78.Final/netty-transport-native-epoll-4.1.78.Final-linux-x86_64.jar:/home/jrakhman/.m2/repository/io/netty/netty-transport-native-unix-common/4.1.78.Final/netty-transport-native-unix-common-4.1.78.Final.jar:/home/jrakhman/.m2/repository/io/netty/netty-transport-classes-epoll/4.1.78.Final/netty-transport-classes-epoll-4.1.78.Final.jar:/home/jrakhman/.m2/repository/io/projectreactor/netty/reactor-netty-core/1.0.20/reactor-netty-core-1.0.20.jar:/home/jrakhman/.m2/repository/io/netty/netty-handler-proxy/4.1.78.Final/netty-handler-proxy-4.1.78.Final.jar:/home/jrakhman/.m2/repository/io/netty/netty-codec-socks/4.1.78.Final/netty-codec-socks-4.1.78.Final.jar:/home/jrakhman/.m2/repository/org/springframework/spring-web/5.3.21/spring-web-5.3.21.jar:/home/jrakhman/.m2/repository/org/springframework/spring-webflux/5.3.21/spring-webflux-5.3.21.jar:/home/jrakhman/.m2/repository/org/springframework/boot/spring-boot-starter-validation/2.7.1/spring-boot-starter-validation-2.7.1.jar:/home/jrakhman/.m2/repository/org/apache/tomcat/embed/tomcat-embed-el/9.0.64/tomcat-embed-el-9.0.64.jar:/home/jrakhman/.m2/repository/org/hibernate/validator/hibernate-validator/6.2.3.Final/hibernate-validator-6.2.3.Final.jar:/home/jrakhman/.m2/repository/jakarta/validation/jakarta.validation-api/2.0.2/jakarta.validation-api-2.0.2.jar:/home/jrakhman/.m2/repository/org/jboss/logging/jboss-logging/3.4.3.Final/jboss-logging-3.4.3.Final.jar:/home/jrakhman/.m2/repository/com/fasterxml/classmate/1.5.1/classmate-1.5.1.jar:/home/jrakhman/.m2/repository/org/springframework/boot/spring-boot-devtools/2.7.1/spring-boot-devtools-2.7.1.jar:/home/jrakhman/.m2/repository/org/springframework/boot/spring-boot/2.7.1/spring-boot-2.7.1.jar:/home/jrakhman/.m2/repository/org/springframework/boot/spring-boot-autoconfigure/2.7.1/spring-boot-autoconfigure-2.7.1.jar:/home/jrakhman/.m2/repository/org/springframework/boot/spring-boot-starter-data-mongodb-reactive/2.7.1/spring-boot-starter-data-mongodb-reactive-2.7.1.jar:/home/jrakhman/.m2/repository/io/projectreactor/reactor-core/3.4.19/reactor-core-3.4.19.jar:/home/jrakhman/.m2/repository/org/reactivestreams/reactive-streams/1.0.4/reactive-streams-1.0.4.jar:/home/jrakhman/.m2/repository/org/mongodb/mongodb-driver-reactivestreams/4.6.1/mongodb-driver-reactivestreams-4.6.1.jar:/home/jrakhman/.m2/repository/org/mongodb/bson/4.6.1/bson-4.6.1.jar:/home/jrakhman/.m2/repository/org/mongodb/mongodb-driver-core/4.6.1/mongodb-driver-core-4.6.1.jar:/home/jrakhman/.m2/repository/org/mongodb/bson-record-codec/4.6.1/bson-record-codec-4.6.1.jar:/home/jrakhman/.m2/repository/org/springframework/data/spring-data-mongodb/3.4.1/spring-data-mongodb-3.4.1.jar:/home/jrakhman/.m2/repository/org/springframework/spring-tx/5.3.21/spring-tx-5.3.21.jar:/home/jrakhman/.m2/repository/org/springframework/data/spring-data-commons/2.7.1/spring-data-commons-2.7.1.jar:/home/jrakhman/.m2/repository/org/projectlombok/lombok/1.18.24/lombok-1.18.24.jar:/home/jrakhman/.m2/repository/org/apache/commons/commons-lang3/3.12.0/commons-lang3-3.12.0.jar:/home/jrakhman/.m2/repository/org/apache/logging/log4j/log4j-core/2.17.2/log4j-core-2.17.2.jar:/home/jrakhman/.m2/repository/org/apache/logging/log4j/log4j-api/2.17.2/log4j-api-2.17.2.jar:/home/jrakhman/.m2/repository/com/auth0/java-jwt/3.19.2/java-jwt-3.19.2.jar:/home/jrakhman/.m2/repository/com/fasterxml/jackson/core/jackson-databind/2.13.3/jackson-databind-2.13.3.jar:/home/jrakhman/.m2/repository/com/fasterxml/jackson/core/jackson-annotations/2.13.3/jackson-annotations-2.13.3.jar:/home/jrakhman/.m2/repository/com/fasterxml/jackson/core/jackson-core/2.13.3/jackson-core-2.13.3.jar:/home/jrakhman/.m2/repository/org/springdoc/springdoc-openapi-webflux-ui/1.6.9/springdoc-openapi-webflux-ui-1.6.9.jar:/home/jrakhman/.m2/repository/org/springdoc/springdoc-openapi-webflux-core/1.6.9/springdoc-openapi-webflux-core-1.6.9.jar:/home/jrakhman/.m2/repository/org/springdoc/springdoc-openapi-common/1.6.9/springdoc-openapi-common-1.6.9.jar:/home/jrakhman/.m2/repository/io/swagger/core/v3/swagger-core/2.2.0/swagger-core-2.2.0.jar:/home/jrakhman/.m2/repository/com/fasterxml/jackson/dataformat/jackson-dataformat-yaml/2.13.3/jackson-dataformat-yaml-2.13.3.jar:/home/jrakhman/.m2/repository/io/swagger/core/v3/swagger-annotations/2.2.0/swagger-annotations-2.2.0.jar:/home/jrakhman/.m2/repository/io/swagger/core/v3/swagger-models/2.2.0/swagger-models-2.2.0.jar:/home/jrakhman/.m2/repository/org/webjars/swagger-ui/4.11.1/swagger-ui-4.11.1.jar:/home/jrakhman/.m2/repository/org/webjars/webjars-locator-core/0.50/webjars-locator-core-0.50.jar:/home/jrakhman/.m2/repository/io/github/classgraph/classgraph/4.8.147/classgraph-4.8.147.jar:/home/jrakhman/.m2/repository/org/springframework/boot/spring-boot-starter-test/2.7.1/spring-boot-starter-test-2.7.1.jar:/home/jrakhman/.m2/repository/org/springframework/boot/spring-boot-test/2.7.1/spring-boot-test-2.7.1.jar:/home/jrakhman/.m2/repository/org/springframework/boot/spring-boot-test-autoconfigure/2.7.1/spring-boot-test-autoconfigure-2.7.1.jar:/home/jrakhman/.m2/repository/com/jayway/jsonpath/json-path/2.7.0/json-path-2.7.0.jar:/home/jrakhman/.m2/repository/net/minidev/json-smart/2.4.8/json-smart-2.4.8.jar:/home/jrakhman/.m2/repository/net/minidev/accessors-smart/2.4.8/accessors-smart-2.4.8.jar:/home/jrakhman/.m2/repository/org/ow2/asm/asm/9.1/asm-9.1.jar:/home/jrakhman/.m2/repository/jakarta/xml/bind/jakarta.xml.bind-api/2.3.3/jakarta.xml.bind-api-2.3.3.jar:/home/jrakhman/.m2/repository/jakarta/activation/jakarta.activation-api/1.2.2/jakarta.activation-api-1.2.2.jar:/home/jrakhman/.m2/repository/org/assertj/assertj-core/3.22.0/assertj-core-3.22.0.jar:/home/jrakhman/.m2/repository/org/hamcrest/hamcrest/2.2/hamcrest-2.2.jar:/home/jrakhman/.m2/repository/org/junit/jupiter/junit-jupiter/5.8.2/junit-jupiter-5.8.2.jar:/home/jrakhman/.m2/repository/org/junit/jupiter/junit-jupiter-params/5.8.2/junit-jupiter-params-5.8.2.jar:/home/jrakhman/.m2/repository/org/junit/jupiter/junit-jupiter-engine/5.8.2/junit-jupiter-engine-5.8.2.jar:/home/jrakhman/.m2/repository/org/junit/platform/junit-platform-engine/1.8.2/junit-platform-engine-1.8.2.jar:/home/jrakhman/.m2/repository/org/mockito/mockito-core/4.5.1/mockito-core-4.5.1.jar:/home/jrakhman/.m2/repository/net/bytebuddy/byte-buddy/1.12.11/byte-buddy-1.12.11.jar:/home/jrakhman/.m2/repository/net/bytebuddy/byte-buddy-agent/1.12.11/byte-buddy-agent-1.12.11.jar:/home/jrakhman/.m2/repository/org/objenesis/objenesis/3.2/objenesis-3.2.jar:/home/jrakhman/.m2/repository/org/mockito/mockito-junit-jupiter/4.5.1/mockito-junit-jupiter-4.5.1.jar:/home/jrakhman/.m2/repository/org/skyscreamer/jsonassert/1.5.0/jsonassert-1.5.0.jar:/home/jrakhman/.m2/repository/com/vaadin/external/google/android-json/0.0.20131108.vaadin1/android-json-0.0.20131108.vaadin1.jar:/home/jrakhman/.m2/repository/org/springframework/spring-core/5.3.21/spring-core-5.3.21.jar:/home/jrakhman/.m2/repository/org/springframework/spring-jcl/5.3.21/spring-jcl-5.3.21.jar:/home/jrakhman/.m2/repository/org/springframework/spring-test/5.3.21/spring-test-5.3.21.jar:/home/jrakhman/.m2/repository/org/xmlunit/xmlunit-core/2.9.0/xmlunit-core-2.9.0.jar:/home/jrakhman/.m2/repository/org/springframework/security/spring-security-test/5.7.2/spring-security-test-5.7.2.jar:/home/jrakhman/.m2/repository/org/springframework/security/spring-security-core/5.7.2/spring-security-core-5.7.2.jar:/home/jrakhman/.m2/repository/org/springframework/security/spring-security-crypto/5.7.2/spring-security-crypto-5.7.2.jar:/home/jrakhman/.m2/repository/io/projectreactor/reactor-test/3.4.18/reactor-test-3.4.18.jar:/home/jrakhman/.m2/repository/org/junit/jupiter/junit-jupiter-api/5.8.2/junit-jupiter-api-5.8.2.jar:/home/jrakhman/.m2/repository/org/opentest4j/opentest4j/1.2.0/opentest4j-1.2.0.jar:/home/jrakhman/.m2/repository/org/junit/platform/junit-platform-commons/1.8.2/junit-platform-commons-1.8.2.jar:/home/jrakhman/.m2/repository/org/apiguardian/apiguardian-api/1.1.2/apiguardian-api-1.1.2.jar:/home/jrakhman/.m2/repository/org/jetbrains/annotations/23.0.0/annotations-23.0.0.jar:/home/jrakhman/.m2/repository/org/testcontainers/testcontainers/1.17.2/testcontainers-1.17.2.jar:/home/jrakhman/.m2/repository/junit/junit/4.13.2/junit-4.13.2.jar:/home/jrakhman/.m2/repository/org/hamcrest/hamcrest-core/2.2/hamcrest-core-2.2.jar:/home/jrakhman/.m2/repository/org/slf4j/slf4j-api/1.7.36/slf4j-api-1.7.36.jar:/home/jrakhman/.m2/repository/org/apache/commons/commons-compress/1.21/commons-compress-1.21.jar:/home/jrakhman/.m2/repository/org/rnorth/duct-tape/duct-tape/1.0.8/duct-tape-1.0.8.jar:/home/jrakhman/.m2/repository/com/github/docker-java/docker-java-api/3.2.13/docker-java-api-3.2.13.jar:/home/jrakhman/.m2/repository/com/github/docker-java/docker-java-transport-zerodep/3.2.13/docker-java-transport-zerodep-3.2.13.jar:/home/jrakhman/.m2/repository/com/github/docker-java/docker-java-transport/3.2.13/docker-java-transport-3.2.13.jar:/home/jrakhman/.m2/repository/net/java/dev/jna/jna/5.8.0/jna-5.8.0.jar:/home/jrakhman/.m2/repository/org/testcontainers/mongodb/1.17.2/mongodb-1.17.2.jar:/home/jrakhman/.m2/repository/org/testcontainers/junit-jupiter/1.17.2/junit-jupiter-1.17.2.jar:"/>
    <property name="sun.cpu.endian" value="little"/>
    <property name="user.home" value="/home/jrakhman"/>
    <property name="user.language" value="en"/>
    <property name="java.specification.vendor" value="Oracle Corporation"/>
    <property name="java.version.date" value="2022-08-12"/>
    <property name="java.home" value="/home/jrakhman/.sdkman/candidates/java/17.0.4.1-tem"/>
    <property name="file.separator" value="/"/>
    <property name="basedir" value="/home/jrakhman/projects/task_agile/task_agile_spring"/>
    <property name="java.vm.compressedOopsMode" value="Zero based"/>
    <property name="line.separator" value="&#10;"/>
    <property name="java.vm.specification.vendor" value="Oracle Corporation"/>
    <property name="java.specification.name" value="Java Platform API Specification"/>
    <property name="skipITs" value="false"/>
    <property name="surefire.real.class.path" value="/home/jrakhman/projects/task_agile/task_agile_spring/target/surefire/surefirebooter431158944039115013.jar"/>
    <property name="sun.management.compiler" value="HotSpot 64-Bit Tiered Compilers"/>
    <property name="java.runtime.version" value="17.0.4.1+1"/>
    <property name="user.name" value="jrakhman"/>
    <property name="path.separator" value=":"/>
    <property name="os.version" value="5.19.0-76051900-generic"/>
    <property name="java.runtime.name" value="OpenJDK Runtime Environment"/>
    <property name="file.encoding" value="UTF-8"/>
    <property name="java.vm.name" value="OpenJDK 64-Bit Server VM"/>
    <property name="java.vendor.version" value="Temurin-17.0.4.1+1"/>
    <property name="localRepository" value="/home/jrakhman/.m2/repository"/>
    <property name="java.vendor.url.bug" value="https://github.com/adoptium/adoptium-support/issues"/>
    <property name="java.io.tmpdir" value="/tmp"/>
    <property name="java.version" value="17.0.4.1"/>
    <property name="user.dir" value="/home/jrakhman/projects/task_agile/task_agile_spring"/>
    <property name="os.arch" value="amd64"/>
    <property name="java.vm.specification.name" value="Java Virtual Machine Specification"/>
    <property name="native.encoding" value="UTF-8"/>
    <property name="java.library.path" value="/usr/java/packages/lib:/usr/lib64:/lib64:/lib:/usr/lib"/>
    <property name="java.vm.info" value="mixed mode, sharing"/>
    <property name="java.vendor" value="Eclipse Adoptium"/>
    <property name="java.vm.version" value="17.0.4.1+1"/>
    <property name="sun.io.unicode.encoding" value="UnicodeLittle"/>
    <property name="java.class.version" value="61.0"/>
  </properties>
  <testcase name="whenRegisterUsingInvalidPayload_ThenExpectError" classname="com.trello.clone.integration.AlmendeServiceIT$NestedRegistrationST" time="1.322"/>
  <testcase name="whenRegisterUsingValidPayload_ThenExpectOKStatus" classname="com.trello.clone.integration.AlmendeServiceIT$NestedRegistrationST" time="0.949"/>
  <testcase name="whenLoginWithValidUsername_ThenExpectTokenPair" classname="com.trello.clone.integration.AlmendeServiceIT$NestedAuthenticationST" time="0.006"/>
  <testcase name="whenLoginWithValidEmail_AndSessionExists_ThenExpectConflictError" classname="com.trello.clone.integration.AlmendeServiceIT$NestedAuthenticationST" time="0.463"/>
  <testcase name="whenRefreshingWithValidToken_thenExpectNewTokenPair" classname="com.trello.clone.integration.AlmendeServiceIT$NestedRefreshSessionST" time="0.319">
    <failure message="&#10;Expecting actual not to be null" type="java.lang.AssertionError">java.lang.AssertionError: 

Expecting actual not to be null
</failure>
    <system-out><![CDATA[00:12:59.280 [main] DEBUG org.springframework.web.reactive.function.client.ExchangeFunctions - [32d5279] HTTP GET http://localhost:49166/api/auth/refresh?refreshToken=eyJ0eXAiOiJKV1QiLCJhbGciOiJIUzUxMiJ9.eyJzdWIiOiJjN2NmMWU3ZC01NjgzLTRiYmEtYTc0OS1mNzFmNjgyZGRjZTIiLCJpc3MiOiJBZ2lsZSBJZGVudGl0eSBTZXJ2aWNlIiwiZXhwIjoxNjY0ODE3NTk5LCJpYXQiOjE2NjQ4MTcxNzksImp0aSI6IjVhMzdmZDQ2LTE5YmMtNGY0Mi1hZjZmLThlYTQ2YTJjNDZkZSJ9.bwsFkkQeZUtgrZ8wImnQb_mBszoHn0keRMzvN-kHF7brWACilnFFwS_WwAAU9GaJbPfcxHw9_YlC1XDiCb1N0Q
00:12:59.281 [reactor-http-epoll-2] DEBUG reactor.netty.resources.PooledConnectionProvider - [1f19a60f, L:/127.0.0.1:44916 - R:localhost/127.0.0.1:49166] Channel acquired, now: 1 active connections, 0 inactive connections and 0 pending acquire requests.
00:12:59.281 [reactor-http-epoll-2] DEBUG reactor.netty.http.client.HttpClientConnect - [1f19a60f-5, L:/127.0.0.1:44916 - R:localhost/127.0.0.1:49166] Handler is being applied: {uri=http://localhost:49166/api/auth/refresh?refreshToken=eyJ0eXAiOiJKV1QiLCJhbGciOiJIUzUxMiJ9.eyJzdWIiOiJjN2NmMWU3ZC01NjgzLTRiYmEtYTc0OS1mNzFmNjgyZGRjZTIiLCJpc3MiOiJBZ2lsZSBJZGVudGl0eSBTZXJ2aWNlIiwiZXhwIjoxNjY0ODE3NTk5LCJpYXQiOjE2NjQ4MTcxNzksImp0aSI6IjVhMzdmZDQ2LTE5YmMtNGY0Mi1hZjZmLThlYTQ2YTJjNDZkZSJ9.bwsFkkQeZUtgrZ8wImnQb_mBszoHn0keRMzvN-kHF7brWACilnFFwS_WwAAU9GaJbPfcxHw9_YlC1XDiCb1N0Q, method=GET}
00:12:59.281 [reactor-http-epoll-2] DEBUG reactor.netty.resources.DefaultPooledConnectionProvider - [1f19a60f-5, L:/127.0.0.1:44916 - R:localhost/127.0.0.1:49166] onStateChange(GET{uri=/api/auth/refresh?refreshToken=eyJ0eXAiOiJKV1QiLCJhbGciOiJIUzUxMiJ9.eyJzdWIiOiJjN2NmMWU3ZC01NjgzLTRiYmEtYTc0OS1mNzFmNjgyZGRjZTIiLCJpc3MiOiJBZ2lsZSBJZGVudGl0eSBTZXJ2aWNlIiwiZXhwIjoxNjY0ODE3NTk5LCJpYXQiOjE2NjQ4MTcxNzksImp0aSI6IjVhMzdmZDQ2LTE5YmMtNGY0Mi1hZjZmLThlYTQ2YTJjNDZkZSJ9.bwsFkkQeZUtgrZ8wImnQb_mBszoHn0keRMzvN-kHF7brWACilnFFwS_WwAAU9GaJbPfcxHw9_YlC1XDiCb1N0Q, connection=PooledConnection{channel=[id: 0x1f19a60f, L:/127.0.0.1:44916 - R:localhost/127.0.0.1:49166]}}, [request_prepared])
00:12:59.283 [reactor-http-epoll-2] DEBUG reactor.netty.resources.DefaultPooledConnectionProvider - [1f19a60f-5, L:/127.0.0.1:44916 - R:localhost/127.0.0.1:49166] onStateChange(GET{uri=/api/auth/refresh?refreshToken=eyJ0eXAiOiJKV1QiLCJhbGciOiJIUzUxMiJ9.eyJzdWIiOiJjN2NmMWU3ZC01NjgzLTRiYmEtYTc0OS1mNzFmNjgyZGRjZTIiLCJpc3MiOiJBZ2lsZSBJZGVudGl0eSBTZXJ2aWNlIiwiZXhwIjoxNjY0ODE3NTk5LCJpYXQiOjE2NjQ4MTcxNzksImp0aSI6IjVhMzdmZDQ2LTE5YmMtNGY0Mi1hZjZmLThlYTQ2YTJjNDZkZSJ9.bwsFkkQeZUtgrZ8wImnQb_mBszoHn0keRMzvN-kHF7brWACilnFFwS_WwAAU9GaJbPfcxHw9_YlC1XDiCb1N0Q, connection=PooledConnection{channel=[id: 0x1f19a60f, L:/127.0.0.1:44916 - R:localhost/127.0.0.1:49166]}}, [request_sent])
00:12:59.306 [reactor-http-epoll-2] DEBUG reactor.netty.http.client.HttpClientOperations - [1f19a60f-5, L:/127.0.0.1:44916 - R:localhost/127.0.0.1:49166] Received response (auto-read:false) : [Vary=Origin, Vary=Access-Control-Request-Method, Vary=Access-Control-Request-Headers, Content-Type=application/json, Cache-Control=no-cache, no-store, max-age=0, must-revalidate, Pragma=no-cache, Expires=0, X-Content-Type-Options=nosniff, X-Frame-Options=DENY, X-XSS-Protection=1 ; mode=block, Referrer-Policy=no-referrer, content-length=0]
00:12:59.306 [reactor-http-epoll-2] DEBUG reactor.netty.resources.DefaultPooledConnectionProvider - [1f19a60f-5, L:/127.0.0.1:44916 - R:localhost/127.0.0.1:49166] onStateChange(GET{uri=/api/auth/refresh?refreshToken=eyJ0eXAiOiJKV1QiLCJhbGciOiJIUzUxMiJ9.eyJzdWIiOiJjN2NmMWU3ZC01NjgzLTRiYmEtYTc0OS1mNzFmNjgyZGRjZTIiLCJpc3MiOiJBZ2lsZSBJZGVudGl0eSBTZXJ2aWNlIiwiZXhwIjoxNjY0ODE3NTk5LCJpYXQiOjE2NjQ4MTcxNzksImp0aSI6IjVhMzdmZDQ2LTE5YmMtNGY0Mi1hZjZmLThlYTQ2YTJjNDZkZSJ9.bwsFkkQeZUtgrZ8wImnQb_mBszoHn0keRMzvN-kHF7brWACilnFFwS_WwAAU9GaJbPfcxHw9_YlC1XDiCb1N0Q, connection=PooledConnection{channel=[id: 0x1f19a60f, L:/127.0.0.1:44916 - R:localhost/127.0.0.1:49166]}}, [response_received])
00:12:59.307 [reactor-http-epoll-2] DEBUG org.springframework.web.reactive.function.client.ExchangeFunctions - [32d5279] [1f19a60f-5, L:/127.0.0.1:44916 - R:localhost/127.0.0.1:49166] Response 200 OK
00:12:59.307 [reactor-http-epoll-2] DEBUG reactor.netty.http.client.HttpClientOperations - [1f19a60f-5, L:/127.0.0.1:44916 - R:localhost/127.0.0.1:49166] Received last HTTP packet
00:12:59.307 [reactor-http-epoll-2] DEBUG reactor.netty.resources.DefaultPooledConnectionProvider - [1f19a60f, L:/127.0.0.1:44916 - R:localhost/127.0.0.1:49166] onStateChange(GET{uri=/api/auth/refresh?refreshToken=eyJ0eXAiOiJKV1QiLCJhbGciOiJIUzUxMiJ9.eyJzdWIiOiJjN2NmMWU3ZC01NjgzLTRiYmEtYTc0OS1mNzFmNjgyZGRjZTIiLCJpc3MiOiJBZ2lsZSBJZGVudGl0eSBTZXJ2aWNlIiwiZXhwIjoxNjY0ODE3NTk5LCJpYXQiOjE2NjQ4MTcxNzksImp0aSI6IjVhMzdmZDQ2LTE5YmMtNGY0Mi1hZjZmLThlYTQ2YTJjNDZkZSJ9.bwsFkkQeZUtgrZ8wImnQb_mBszoHn0keRMzvN-kHF7brWACilnFFwS_WwAAU9GaJbPfcxHw9_YlC1XDiCb1N0Q, connection=PooledConnection{channel=[id: 0x1f19a60f, L:/127.0.0.1:44916 - R:localhost/127.0.0.1:49166]}}, [response_completed])
00:12:59.307 [reactor-http-epoll-2] DEBUG reactor.netty.resources.DefaultPooledConnectionProvider - [1f19a60f, L:/127.0.0.1:44916 - R:localhost/127.0.0.1:49166] onStateChange(GET{uri=/api/auth/refresh?refreshToken=eyJ0eXAiOiJKV1QiLCJhbGciOiJIUzUxMiJ9.eyJzdWIiOiJjN2NmMWU3ZC01NjgzLTRiYmEtYTc0OS1mNzFmNjgyZGRjZTIiLCJpc3MiOiJBZ2lsZSBJZGVudGl0eSBTZXJ2aWNlIiwiZXhwIjoxNjY0ODE3NTk5LCJpYXQiOjE2NjQ4MTcxNzksImp0aSI6IjVhMzdmZDQ2LTE5YmMtNGY0Mi1hZjZmLThlYTQ2YTJjNDZkZSJ9.bwsFkkQeZUtgrZ8wImnQb_mBszoHn0keRMzvN-kHF7brWACilnFFwS_WwAAU9GaJbPfcxHw9_YlC1XDiCb1N0Q, connection=PooledConnection{channel=[id: 0x1f19a60f, L:/127.0.0.1:44916 - R:localhost/127.0.0.1:49166]}}, [disconnecting])
00:12:59.307 [reactor-http-epoll-2] DEBUG reactor.netty.resources.DefaultPooledConnectionProvider - [1f19a60f, L:/127.0.0.1:44916 - R:localhost/127.0.0.1:49166] Releasing channel
00:12:59.307 [reactor-http-epoll-2] DEBUG reactor.netty.resources.PooledConnectionProvider - [1f19a60f, L:/127.0.0.1:44916 - R:localhost/127.0.0.1:49166] Channel cleaned, now: 0 active connections, 1 inactive connections and 0 pending acquire requests.
00:12:59.307 [reactor-http-epoll-2] DEBUG reactor.netty.channel.FluxReceive - [1f19a60f, L:/127.0.0.1:44916 - R:localhost/127.0.0.1:49166] FluxReceive{pending=0, cancelled=false, inboundDone=true, inboundError=null}: subscribing inbound receiver
]]></system-out>
  </testcase>
  <testcase name="whenRefreshingWithInvalidSession_thenExpectInvalidatedError" classname="com.trello.clone.integration.AlmendeServiceIT$NestedRefreshSessionST" time="1.563">
    <failure message="No value at JSON path &quot;$.status&quot;" type="java.lang.AssertionError">java.lang.AssertionError: No value at JSON path "$.status"
Caused by: java.lang.IllegalArgumentException: json can not be null or empty
</failure>
    <system-out><![CDATA[00:12:59.319 [main] DEBUG org.springframework.web.reactive.function.client.ExchangeFunctions - [32ec9c90] HTTP GET http://localhost:49166/api/auth/refresh?refreshToken=eyJ0eXAiOiJKV1QiLCJhbGciOiJIUzUxMiJ9.eyJzdWIiOiJjN2NmMWU3ZC01NjgzLTRiYmEtYTc0OS1mNzFmNjgyZGRjZTIiLCJpc3MiOiJBZ2lsZSBJZGVudGl0eSBTZXJ2aWNlIiwiZXhwIjoxNjY0ODE3NTk5LCJpYXQiOjE2NjQ4MTcxNzksImp0aSI6IjVhMzdmZDQ2LTE5YmMtNGY0Mi1hZjZmLThlYTQ2YTJjNDZkZSJ9.bwsFkkQeZUtgrZ8wImnQb_mBszoHn0keRMzvN-kHF7brWACilnFFwS_WwAAU9GaJbPfcxHw9_YlC1XDiCb1N0Q
00:12:59.320 [reactor-http-epoll-2] DEBUG reactor.netty.resources.PooledConnectionProvider - [1f19a60f, L:/127.0.0.1:44916 - R:localhost/127.0.0.1:49166] Channel acquired, now: 1 active connections, 0 inactive connections and 0 pending acquire requests.
00:12:59.320 [reactor-http-epoll-2] DEBUG reactor.netty.http.client.HttpClientConnect - [1f19a60f-6, L:/127.0.0.1:44916 - R:localhost/127.0.0.1:49166] Handler is being applied: {uri=http://localhost:49166/api/auth/refresh?refreshToken=eyJ0eXAiOiJKV1QiLCJhbGciOiJIUzUxMiJ9.eyJzdWIiOiJjN2NmMWU3ZC01NjgzLTRiYmEtYTc0OS1mNzFmNjgyZGRjZTIiLCJpc3MiOiJBZ2lsZSBJZGVudGl0eSBTZXJ2aWNlIiwiZXhwIjoxNjY0ODE3NTk5LCJpYXQiOjE2NjQ4MTcxNzksImp0aSI6IjVhMzdmZDQ2LTE5YmMtNGY0Mi1hZjZmLThlYTQ2YTJjNDZkZSJ9.bwsFkkQeZUtgrZ8wImnQb_mBszoHn0keRMzvN-kHF7brWACilnFFwS_WwAAU9GaJbPfcxHw9_YlC1XDiCb1N0Q, method=GET}
00:12:59.320 [reactor-http-epoll-2] DEBUG reactor.netty.resources.DefaultPooledConnectionProvider - [1f19a60f-6, L:/127.0.0.1:44916 - R:localhost/127.0.0.1:49166] onStateChange(GET{uri=/api/auth/refresh?refreshToken=eyJ0eXAiOiJKV1QiLCJhbGciOiJIUzUxMiJ9.eyJzdWIiOiJjN2NmMWU3ZC01NjgzLTRiYmEtYTc0OS1mNzFmNjgyZGRjZTIiLCJpc3MiOiJBZ2lsZSBJZGVudGl0eSBTZXJ2aWNlIiwiZXhwIjoxNjY0ODE3NTk5LCJpYXQiOjE2NjQ4MTcxNzksImp0aSI6IjVhMzdmZDQ2LTE5YmMtNGY0Mi1hZjZmLThlYTQ2YTJjNDZkZSJ9.bwsFkkQeZUtgrZ8wImnQb_mBszoHn0keRMzvN-kHF7brWACilnFFwS_WwAAU9GaJbPfcxHw9_YlC1XDiCb1N0Q, connection=PooledConnection{channel=[id: 0x1f19a60f, L:/127.0.0.1:44916 - R:localhost/127.0.0.1:49166]}}, [request_prepared])
00:12:59.321 [reactor-http-epoll-2] DEBUG reactor.netty.resources.DefaultPooledConnectionProvider - [1f19a60f-6, L:/127.0.0.1:44916 - R:localhost/127.0.0.1:49166] onStateChange(GET{uri=/api/auth/refresh?refreshToken=eyJ0eXAiOiJKV1QiLCJhbGciOiJIUzUxMiJ9.eyJzdWIiOiJjN2NmMWU3ZC01NjgzLTRiYmEtYTc0OS1mNzFmNjgyZGRjZTIiLCJpc3MiOiJBZ2lsZSBJZGVudGl0eSBTZXJ2aWNlIiwiZXhwIjoxNjY0ODE3NTk5LCJpYXQiOjE2NjQ4MTcxNzksImp0aSI6IjVhMzdmZDQ2LTE5YmMtNGY0Mi1hZjZmLThlYTQ2YTJjNDZkZSJ9.bwsFkkQeZUtgrZ8wImnQb_mBszoHn0keRMzvN-kHF7brWACilnFFwS_WwAAU9GaJbPfcxHw9_YlC1XDiCb1N0Q, connection=PooledConnection{channel=[id: 0x1f19a60f, L:/127.0.0.1:44916 - R:localhost/127.0.0.1:49166]}}, [request_sent])
00:12:59.327 [reactor-http-epoll-2] DEBUG reactor.netty.http.client.HttpClientOperations - [1f19a60f-6, L:/127.0.0.1:44916 - R:localhost/127.0.0.1:49166] Received response (auto-read:false) : [Vary=Origin, Vary=Access-Control-Request-Method, Vary=Access-Control-Request-Headers, Content-Type=application/json, Cache-Control=no-cache, no-store, max-age=0, must-revalidate, Pragma=no-cache, Expires=0, X-Content-Type-Options=nosniff, X-Frame-Options=DENY, X-XSS-Protection=1 ; mode=block, Referrer-Policy=no-referrer, content-length=0]
00:12:59.327 [reactor-http-epoll-2] DEBUG reactor.netty.resources.DefaultPooledConnectionProvider - [1f19a60f-6, L:/127.0.0.1:44916 - R:localhost/127.0.0.1:49166] onStateChange(GET{uri=/api/auth/refresh?refreshToken=eyJ0eXAiOiJKV1QiLCJhbGciOiJIUzUxMiJ9.eyJzdWIiOiJjN2NmMWU3ZC01NjgzLTRiYmEtYTc0OS1mNzFmNjgyZGRjZTIiLCJpc3MiOiJBZ2lsZSBJZGVudGl0eSBTZXJ2aWNlIiwiZXhwIjoxNjY0ODE3NTk5LCJpYXQiOjE2NjQ4MTcxNzksImp0aSI6IjVhMzdmZDQ2LTE5YmMtNGY0Mi1hZjZmLThlYTQ2YTJjNDZkZSJ9.bwsFkkQeZUtgrZ8wImnQb_mBszoHn0keRMzvN-kHF7brWACilnFFwS_WwAAU9GaJbPfcxHw9_YlC1XDiCb1N0Q, connection=PooledConnection{channel=[id: 0x1f19a60f, L:/127.0.0.1:44916 - R:localhost/127.0.0.1:49166]}}, [response_received])
00:12:59.327 [reactor-http-epoll-2] DEBUG org.springframework.web.reactive.function.client.ExchangeFunctions - [32ec9c90] [1f19a60f-6, L:/127.0.0.1:44916 - R:localhost/127.0.0.1:49166] Response 200 OK
00:12:59.327 [reactor-http-epoll-2] DEBUG reactor.netty.http.client.HttpClientOperations - [1f19a60f-6, L:/127.0.0.1:44916 - R:localhost/127.0.0.1:49166] Received last HTTP packet
00:12:59.327 [reactor-http-epoll-2] DEBUG reactor.netty.resources.DefaultPooledConnectionProvider - [1f19a60f, L:/127.0.0.1:44916 - R:localhost/127.0.0.1:49166] onStateChange(GET{uri=/api/auth/refresh?refreshToken=eyJ0eXAiOiJKV1QiLCJhbGciOiJIUzUxMiJ9.eyJzdWIiOiJjN2NmMWU3ZC01NjgzLTRiYmEtYTc0OS1mNzFmNjgyZGRjZTIiLCJpc3MiOiJBZ2lsZSBJZGVudGl0eSBTZXJ2aWNlIiwiZXhwIjoxNjY0ODE3NTk5LCJpYXQiOjE2NjQ4MTcxNzksImp0aSI6IjVhMzdmZDQ2LTE5YmMtNGY0Mi1hZjZmLThlYTQ2YTJjNDZkZSJ9.bwsFkkQeZUtgrZ8wImnQb_mBszoHn0keRMzvN-kHF7brWACilnFFwS_WwAAU9GaJbPfcxHw9_YlC1XDiCb1N0Q, connection=PooledConnection{channel=[id: 0x1f19a60f, L:/127.0.0.1:44916 - R:localhost/127.0.0.1:49166]}}, [response_completed])
00:12:59.327 [reactor-http-epoll-2] DEBUG reactor.netty.resources.DefaultPooledConnectionProvider - [1f19a60f, L:/127.0.0.1:44916 - R:localhost/127.0.0.1:49166] onStateChange(GET{uri=/api/auth/refresh?refreshToken=eyJ0eXAiOiJKV1QiLCJhbGciOiJIUzUxMiJ9.eyJzdWIiOiJjN2NmMWU3ZC01NjgzLTRiYmEtYTc0OS1mNzFmNjgyZGRjZTIiLCJpc3MiOiJBZ2lsZSBJZGVudGl0eSBTZXJ2aWNlIiwiZXhwIjoxNjY0ODE3NTk5LCJpYXQiOjE2NjQ4MTcxNzksImp0aSI6IjVhMzdmZDQ2LTE5YmMtNGY0Mi1hZjZmLThlYTQ2YTJjNDZkZSJ9.bwsFkkQeZUtgrZ8wImnQb_mBszoHn0keRMzvN-kHF7brWACilnFFwS_WwAAU9GaJbPfcxHw9_YlC1XDiCb1N0Q, connection=PooledConnection{channel=[id: 0x1f19a60f, L:/127.0.0.1:44916 - R:localhost/127.0.0.1:49166]}}, [disconnecting])
00:12:59.327 [reactor-http-epoll-2] DEBUG reactor.netty.resources.DefaultPooledConnectionProvider - [1f19a60f, L:/127.0.0.1:44916 - R:localhost/127.0.0.1:49166] Releasing channel
00:12:59.327 [reactor-http-epoll-2] DEBUG reactor.netty.resources.PooledConnectionProvider - [1f19a60f, L:/127.0.0.1:44916 - R:localhost/127.0.0.1:49166] Channel cleaned, now: 0 active connections, 1 inactive connections and 0 pending acquire requests.
00:12:59.330 [reactor-http-epoll-2] DEBUG reactor.netty.channel.FluxReceive - [1f19a60f, L:/127.0.0.1:44916 - R:localhost/127.0.0.1:49166] FluxReceive{pending=0, cancelled=false, inboundDone=true, inboundError=null}: subscribing inbound receiver
]]></system-out>
  </testcase>
  <testcase name="whenRefreshAgain_thenExpectSessionNotFoundError" classname="com.trello.clone.integration.AlmendeServiceIT$NestedRefreshSessionST" time="0.511">
    <failure message="Status expected:&lt;401 UNAUTHORIZED&gt; but was:&lt;404 NOT_FOUND&gt;" type="java.lang.AssertionError"><![CDATA[java.lang.AssertionError: Status expected:<401 UNAUTHORIZED> but was:<404 NOT_FOUND>
]]></failure>
    <system-out><![CDATA[00:12:59.373 [main] DEBUG org.springframework.web.reactive.function.client.ExchangeFunctions - [73613ae5] HTTP GET http://localhost:49166/api/authenticate/v1/refresh?refreshToken=eyJ0eXAiOiJKV1QiLCJhbGciOiJIUzUxMiJ9.eyJzdWIiOiJjN2NmMWU3ZC01NjgzLTRiYmEtYTc0OS1mNzFmNjgyZGRjZTIiLCJpc3MiOiJBZ2lsZSBJZGVudGl0eSBTZXJ2aWNlIiwiZXhwIjoxNjY0ODE3NTk5LCJpYXQiOjE2NjQ4MTcxNzksImp0aSI6IjVhMzdmZDQ2LTE5YmMtNGY0Mi1hZjZmLThlYTQ2YTJjNDZkZSJ9.bwsFkkQeZUtgrZ8wImnQb_mBszoHn0keRMzvN-kHF7brWACilnFFwS_WwAAU9GaJbPfcxHw9_YlC1XDiCb1N0Q
00:12:59.374 [reactor-http-epoll-2] DEBUG reactor.netty.resources.PooledConnectionProvider - [1f19a60f, L:/127.0.0.1:44916 - R:localhost/127.0.0.1:49166] Channel acquired, now: 1 active connections, 0 inactive connections and 0 pending acquire requests.
00:12:59.374 [reactor-http-epoll-2] DEBUG reactor.netty.http.client.HttpClientConnect - [1f19a60f-7, L:/127.0.0.1:44916 - R:localhost/127.0.0.1:49166] Handler is being applied: {uri=http://localhost:49166/api/authenticate/v1/refresh?refreshToken=eyJ0eXAiOiJKV1QiLCJhbGciOiJIUzUxMiJ9.eyJzdWIiOiJjN2NmMWU3ZC01NjgzLTRiYmEtYTc0OS1mNzFmNjgyZGRjZTIiLCJpc3MiOiJBZ2lsZSBJZGVudGl0eSBTZXJ2aWNlIiwiZXhwIjoxNjY0ODE3NTk5LCJpYXQiOjE2NjQ4MTcxNzksImp0aSI6IjVhMzdmZDQ2LTE5YmMtNGY0Mi1hZjZmLThlYTQ2YTJjNDZkZSJ9.bwsFkkQeZUtgrZ8wImnQb_mBszoHn0keRMzvN-kHF7brWACilnFFwS_WwAAU9GaJbPfcxHw9_YlC1XDiCb1N0Q, method=GET}
00:12:59.375 [reactor-http-epoll-2] DEBUG reactor.netty.resources.DefaultPooledConnectionProvider - [1f19a60f-7, L:/127.0.0.1:44916 - R:localhost/127.0.0.1:49166] onStateChange(GET{uri=/api/authenticate/v1/refresh?refreshToken=eyJ0eXAiOiJKV1QiLCJhbGciOiJIUzUxMiJ9.eyJzdWIiOiJjN2NmMWU3ZC01NjgzLTRiYmEtYTc0OS1mNzFmNjgyZGRjZTIiLCJpc3MiOiJBZ2lsZSBJZGVudGl0eSBTZXJ2aWNlIiwiZXhwIjoxNjY0ODE3NTk5LCJpYXQiOjE2NjQ4MTcxNzksImp0aSI6IjVhMzdmZDQ2LTE5YmMtNGY0Mi1hZjZmLThlYTQ2YTJjNDZkZSJ9.bwsFkkQeZUtgrZ8wImnQb_mBszoHn0keRMzvN-kHF7brWACilnFFwS_WwAAU9GaJbPfcxHw9_YlC1XDiCb1N0Q, connection=PooledConnection{channel=[id: 0x1f19a60f, L:/127.0.0.1:44916 - R:localhost/127.0.0.1:49166]}}, [request_prepared])
00:12:59.378 [reactor-http-epoll-2] DEBUG reactor.netty.resources.DefaultPooledConnectionProvider - [1f19a60f-7, L:/127.0.0.1:44916 - R:localhost/127.0.0.1:49166] onStateChange(GET{uri=/api/authenticate/v1/refresh?refreshToken=eyJ0eXAiOiJKV1QiLCJhbGciOiJIUzUxMiJ9.eyJzdWIiOiJjN2NmMWU3ZC01NjgzLTRiYmEtYTc0OS1mNzFmNjgyZGRjZTIiLCJpc3MiOiJBZ2lsZSBJZGVudGl0eSBTZXJ2aWNlIiwiZXhwIjoxNjY0ODE3NTk5LCJpYXQiOjE2NjQ4MTcxNzksImp0aSI6IjVhMzdmZDQ2LTE5YmMtNGY0Mi1hZjZmLThlYTQ2YTJjNDZkZSJ9.bwsFkkQeZUtgrZ8wImnQb_mBszoHn0keRMzvN-kHF7brWACilnFFwS_WwAAU9GaJbPfcxHw9_YlC1XDiCb1N0Q, connection=PooledConnection{channel=[id: 0x1f19a60f, L:/127.0.0.1:44916 - R:localhost/127.0.0.1:49166]}}, [request_sent])
00:12:59.437 [reactor-http-epoll-2] DEBUG reactor.netty.http.client.HttpClientOperations - [1f19a60f-7, L:/127.0.0.1:44916 - R:localhost/127.0.0.1:49166] Received response (auto-read:false) : [Content-Type=application/json, Cache-Control=no-cache, no-store, max-age=0, must-revalidate, Pragma=no-cache, Expires=0, X-Content-Type-Options=nosniff, X-Frame-Options=DENY, X-XSS-Protection=1 ; mode=block, Referrer-Policy=no-referrer, content-length=123]
00:12:59.437 [reactor-http-epoll-2] DEBUG reactor.netty.resources.DefaultPooledConnectionProvider - [1f19a60f-7, L:/127.0.0.1:44916 - R:localhost/127.0.0.1:49166] onStateChange(GET{uri=/api/authenticate/v1/refresh?refreshToken=eyJ0eXAiOiJKV1QiLCJhbGciOiJIUzUxMiJ9.eyJzdWIiOiJjN2NmMWU3ZC01NjgzLTRiYmEtYTc0OS1mNzFmNjgyZGRjZTIiLCJpc3MiOiJBZ2lsZSBJZGVudGl0eSBTZXJ2aWNlIiwiZXhwIjoxNjY0ODE3NTk5LCJpYXQiOjE2NjQ4MTcxNzksImp0aSI6IjVhMzdmZDQ2LTE5YmMtNGY0Mi1hZjZmLThlYTQ2YTJjNDZkZSJ9.bwsFkkQeZUtgrZ8wImnQb_mBszoHn0keRMzvN-kHF7brWACilnFFwS_WwAAU9GaJbPfcxHw9_YlC1XDiCb1N0Q, connection=PooledConnection{channel=[id: 0x1f19a60f, L:/127.0.0.1:44916 - R:localhost/127.0.0.1:49166]}}, [response_received])
00:12:59.438 [reactor-http-epoll-2] DEBUG org.springframework.web.reactive.function.client.ExchangeFunctions - [73613ae5] [1f19a60f-7, L:/127.0.0.1:44916 - R:localhost/127.0.0.1:49166] Response 404 NOT_FOUND
00:12:59.438 [reactor-http-epoll-2] DEBUG reactor.netty.http.client.HttpClientOperations - [1f19a60f-7, L:/127.0.0.1:44916 - R:localhost/127.0.0.1:49166] Received last HTTP packet
00:12:59.438 [reactor-http-epoll-2] DEBUG reactor.netty.resources.DefaultPooledConnectionProvider - [1f19a60f, L:/127.0.0.1:44916 - R:localhost/127.0.0.1:49166] onStateChange(GET{uri=/api/authenticate/v1/refresh?refreshToken=eyJ0eXAiOiJKV1QiLCJhbGciOiJIUzUxMiJ9.eyJzdWIiOiJjN2NmMWU3ZC01NjgzLTRiYmEtYTc0OS1mNzFmNjgyZGRjZTIiLCJpc3MiOiJBZ2lsZSBJZGVudGl0eSBTZXJ2aWNlIiwiZXhwIjoxNjY0ODE3NTk5LCJpYXQiOjE2NjQ4MTcxNzksImp0aSI6IjVhMzdmZDQ2LTE5YmMtNGY0Mi1hZjZmLThlYTQ2YTJjNDZkZSJ9.bwsFkkQeZUtgrZ8wImnQb_mBszoHn0keRMzvN-kHF7brWACilnFFwS_WwAAU9GaJbPfcxHw9_YlC1XDiCb1N0Q, connection=PooledConnection{channel=[id: 0x1f19a60f, L:/127.0.0.1:44916 - R:localhost/127.0.0.1:49166]}}, [response_completed])
00:12:59.438 [reactor-http-epoll-2] DEBUG reactor.netty.resources.DefaultPooledConnectionProvider - [1f19a60f, L:/127.0.0.1:44916 - R:localhost/127.0.0.1:49166] onStateChange(GET{uri=/api/authenticate/v1/refresh?refreshToken=eyJ0eXAiOiJKV1QiLCJhbGciOiJIUzUxMiJ9.eyJzdWIiOiJjN2NmMWU3ZC01NjgzLTRiYmEtYTc0OS1mNzFmNjgyZGRjZTIiLCJpc3MiOiJBZ2lsZSBJZGVudGl0eSBTZXJ2aWNlIiwiZXhwIjoxNjY0ODE3NTk5LCJpYXQiOjE2NjQ4MTcxNzksImp0aSI6IjVhMzdmZDQ2LTE5YmMtNGY0Mi1hZjZmLThlYTQ2YTJjNDZkZSJ9.bwsFkkQeZUtgrZ8wImnQb_mBszoHn0keRMzvN-kHF7brWACilnFFwS_WwAAU9GaJbPfcxHw9_YlC1XDiCb1N0Q, connection=PooledConnection{channel=[id: 0x1f19a60f, L:/127.0.0.1:44916 - R:localhost/127.0.0.1:49166]}}, [disconnecting])
00:12:59.438 [reactor-http-epoll-2] DEBUG reactor.netty.resources.DefaultPooledConnectionProvider - [1f19a60f, L:/127.0.0.1:44916 - R:localhost/127.0.0.1:49166] Releasing channel
00:12:59.438 [reactor-http-epoll-2] DEBUG reactor.netty.resources.PooledConnectionProvider - [1f19a60f, L:/127.0.0.1:44916 - R:localhost/127.0.0.1:49166] Channel cleaned, now: 0 active connections, 1 inactive connections and 0 pending acquire requests.
00:12:59.445 [reactor-http-epoll-2] DEBUG reactor.netty.channel.FluxReceive - [1f19a60f, L:/127.0.0.1:44916 - R:localhost/127.0.0.1:49166] FluxReceive{pending=1, cancelled=false, inboundDone=true, inboundError=null}: subscribing inbound receiver
00:12:59.446 [main] ERROR org.springframework.test.web.reactive.server.ExchangeResult - Request details for assertion failure:

> GET http://localhost:49166/api/authenticate/v1/refresh?refreshToken=eyJ0eXAiOiJKV1QiLCJhbGciOiJIUzUxMiJ9.eyJzdWIiOiJjN2NmMWU3ZC01NjgzLTRiYmEtYTc0OS1mNzFmNjgyZGRjZTIiLCJpc3MiOiJBZ2lsZSBJZGVudGl0eSBTZXJ2aWNlIiwiZXhwIjoxNjY0ODE3NTk5LCJpYXQiOjE2NjQ4MTcxNzksImp0aSI6IjVhMzdmZDQ2LTE5YmMtNGY0Mi1hZjZmLThlYTQ2YTJjNDZkZSJ9.bwsFkkQeZUtgrZ8wImnQb_mBszoHn0keRMzvN-kHF7brWACilnFFwS_WwAAU9GaJbPfcxHw9_YlC1XDiCb1N0Q
> accept-encoding: [gzip]
> user-agent: [ReactorNetty/1.0.20]
> host: [localhost:49166]
> Content-Type: [application/json]
> Accept: [application/json]
> WebTestClient-Request-Id: [3]

No content

< 404 NOT_FOUND Not Found
< Content-Type: [application/json]
< Cache-Control: [no-cache, no-store, max-age=0, must-revalidate]
< Pragma: [no-cache]
< Expires: [0]
< X-Content-Type-Options: [nosniff]
< X-Frame-Options: [DENY]
< X-XSS-Protection: [1 ; mode=block]
< Referrer-Policy: [no-referrer]
< content-length: [123]

{"timestamp":1664817179410,"path":"/api/authenticate/v1/refresh","status":404,"error":"Not Found","requestId":"5713a9ab-7"}

]]></system-out>
  </testcase>
  <testcase name="whenLoginWithInvalidPassword_thenExpectError" classname="com.trello.clone.integration.AlmendeServiceIT$NestedExistingUserST" time="1.214">
    <failure message="Status expected:&lt;400 BAD_REQUEST&gt; but was:&lt;404 NOT_FOUND&gt;" type="java.lang.AssertionError"><![CDATA[java.lang.AssertionError: Status expected:<400 BAD_REQUEST> but was:<404 NOT_FOUND>
]]></failure>
    <system-out><![CDATA[00:12:59.450 [main] DEBUG org.springframework.web.reactive.function.client.ExchangeFunctions - [9dada78] HTTP POST http://localhost:49166/api/auth/login
00:12:59.451 [reactor-http-epoll-2] DEBUG reactor.netty.resources.PooledConnectionProvider - [1f19a60f, L:/127.0.0.1:44916 - R:localhost/127.0.0.1:49166] Channel acquired, now: 1 active connections, 0 inactive connections and 0 pending acquire requests.
00:12:59.451 [reactor-http-epoll-2] DEBUG reactor.netty.http.client.HttpClientConnect - [1f19a60f-8, L:/127.0.0.1:44916 - R:localhost/127.0.0.1:49166] Handler is being applied: {uri=http://localhost:49166/api/auth/login, method=POST}
00:12:59.451 [reactor-http-epoll-2] DEBUG reactor.netty.resources.DefaultPooledConnectionProvider - [1f19a60f-8, L:/127.0.0.1:44916 - R:localhost/127.0.0.1:49166] onStateChange(POST{uri=/api/auth/login, connection=PooledConnection{channel=[id: 0x1f19a60f, L:/127.0.0.1:44916 - R:localhost/127.0.0.1:49166]}}, [request_prepared])
00:12:59.452 [reactor-http-epoll-2] DEBUG org.springframework.http.codec.json.Jackson2JsonEncoder - [9dada78] Encoding [LoginPayload[username=, email=juniar@almende.org, password=qwdsfa123]]
00:12:59.454 [reactor-http-epoll-2] DEBUG reactor.netty.resources.DefaultPooledConnectionProvider - [1f19a60f-8, L:/127.0.0.1:44916 - R:localhost/127.0.0.1:49166] onStateChange(POST{uri=/api/auth/login, connection=PooledConnection{channel=[id: 0x1f19a60f, L:/127.0.0.1:44916 - R:localhost/127.0.0.1:49166]}}, [request_sent])
00:12:59.472 [reactor-http-epoll-2] DEBUG reactor.netty.http.client.HttpClientOperations - [1f19a60f-8, L:/127.0.0.1:44916 - R:localhost/127.0.0.1:49166] Received response (auto-read:false) : [Vary=Origin, Vary=Access-Control-Request-Method, Vary=Access-Control-Request-Headers, Content-Type=application/json, Cache-Control=no-cache, no-store, max-age=0, must-revalidate, Pragma=no-cache, Expires=0, X-Content-Type-Options=nosniff, X-Frame-Options=DENY, X-XSS-Protection=1 ; mode=block, Referrer-Policy=no-referrer, content-length=162]
00:12:59.472 [reactor-http-epoll-2] DEBUG reactor.netty.resources.DefaultPooledConnectionProvider - [1f19a60f-8, L:/127.0.0.1:44916 - R:localhost/127.0.0.1:49166] onStateChange(POST{uri=/api/auth/login, connection=PooledConnection{channel=[id: 0x1f19a60f, L:/127.0.0.1:44916 - R:localhost/127.0.0.1:49166]}}, [response_received])
00:12:59.472 [reactor-http-epoll-2] DEBUG org.springframework.web.reactive.function.client.ExchangeFunctions - [9dada78] [1f19a60f-8, L:/127.0.0.1:44916 - R:localhost/127.0.0.1:49166] Response 404 NOT_FOUND
00:12:59.472 [reactor-http-epoll-2] DEBUG reactor.netty.http.client.HttpClientOperations - [1f19a60f-8, L:/127.0.0.1:44916 - R:localhost/127.0.0.1:49166] Received last HTTP packet
00:12:59.472 [reactor-http-epoll-2] DEBUG reactor.netty.resources.DefaultPooledConnectionProvider - [1f19a60f, L:/127.0.0.1:44916 - R:localhost/127.0.0.1:49166] onStateChange(POST{uri=/api/auth/login, connection=PooledConnection{channel=[id: 0x1f19a60f, L:/127.0.0.1:44916 - R:localhost/127.0.0.1:49166]}}, [response_completed])
00:12:59.472 [reactor-http-epoll-2] DEBUG reactor.netty.resources.DefaultPooledConnectionProvider - [1f19a60f, L:/127.0.0.1:44916 - R:localhost/127.0.0.1:49166] onStateChange(POST{uri=/api/auth/login, connection=PooledConnection{channel=[id: 0x1f19a60f, L:/127.0.0.1:44916 - R:localhost/127.0.0.1:49166]}}, [disconnecting])
00:12:59.472 [reactor-http-epoll-2] DEBUG reactor.netty.resources.DefaultPooledConnectionProvider - [1f19a60f, L:/127.0.0.1:44916 - R:localhost/127.0.0.1:49166] Releasing channel
00:12:59.472 [reactor-http-epoll-2] DEBUG reactor.netty.resources.PooledConnectionProvider - [1f19a60f, L:/127.0.0.1:44916 - R:localhost/127.0.0.1:49166] Channel cleaned, now: 0 active connections, 1 inactive connections and 0 pending acquire requests.
00:12:59.473 [reactor-http-epoll-2] DEBUG reactor.netty.channel.FluxReceive - [1f19a60f, L:/127.0.0.1:44916 - R:localhost/127.0.0.1:49166] FluxReceive{pending=1, cancelled=false, inboundDone=true, inboundError=null}: subscribing inbound receiver
00:12:59.473 [main] ERROR org.springframework.test.web.reactive.server.ExchangeResult - Request details for assertion failure:

> POST http://localhost:49166/api/auth/login
> accept-encoding: [gzip]
> user-agent: [ReactorNetty/1.0.20]
> host: [localhost:49166]
> Content-Type: [application/json]
> Accept: [application/json]
> WebTestClient-Request-Id: [1]
> Content-Length: [67]

{"username":"","email":"juniar@almende.org","password":"qwdsfa123"}

< 404 NOT_FOUND Not Found
< Vary: [Origin, Access-Control-Request-Method, Access-Control-Request-Headers]
< Content-Type: [application/json]
< Cache-Control: [no-cache, no-store, max-age=0, must-revalidate]
< Pragma: [no-cache]
< Expires: [0]
< X-Content-Type-Options: [nosniff]
< X-Frame-Options: [DENY]
< X-XSS-Protection: [1 ; mode=block]
< Referrer-Policy: [no-referrer]
< content-length: [162]

{"status":404,"message":"com.trello.clone.identity.password.invalid","path":"/api/auth/login","timestamp":1664817179468,"stackTrace":null,"validationErrors":null}

]]></system-out>
  </testcase>
  <testcase name="whenLoginWithValidUsernamePassword_thenExpectNewTokenPair" classname="com.trello.clone.integration.AlmendeServiceIT$NestedExistingUserST" time="0.009">
    <failure message="Status expected:&lt;200 OK&gt; but was:&lt;409 CONFLICT&gt;" type="java.lang.AssertionError"><![CDATA[java.lang.AssertionError: Status expected:<200 OK> but was:<409 CONFLICT>
]]></failure>
    <system-out><![CDATA[00:12:59.477 [main] DEBUG org.springframework.web.reactive.function.client.ExchangeFunctions - [57efc6fd] HTTP POST http://localhost:49166/api/auth/login
00:12:59.477 [reactor-http-epoll-2] DEBUG reactor.netty.resources.PooledConnectionProvider - [1f19a60f, L:/127.0.0.1:44916 - R:localhost/127.0.0.1:49166] Channel acquired, now: 1 active connections, 0 inactive connections and 0 pending acquire requests.
00:12:59.477 [reactor-http-epoll-2] DEBUG reactor.netty.http.client.HttpClientConnect - [1f19a60f-9, L:/127.0.0.1:44916 - R:localhost/127.0.0.1:49166] Handler is being applied: {uri=http://localhost:49166/api/auth/login, method=POST}
00:12:59.478 [reactor-http-epoll-2] DEBUG reactor.netty.resources.DefaultPooledConnectionProvider - [1f19a60f-9, L:/127.0.0.1:44916 - R:localhost/127.0.0.1:49166] onStateChange(POST{uri=/api/auth/login, connection=PooledConnection{channel=[id: 0x1f19a60f, L:/127.0.0.1:44916 - R:localhost/127.0.0.1:49166]}}, [request_prepared])
00:12:59.478 [reactor-http-epoll-2] DEBUG org.springframework.http.codec.json.Jackson2JsonEncoder - [57efc6fd] Encoding [LoginPayload[username=, email=juniar@almende.org, password=qwerty123]]
00:12:59.479 [reactor-http-epoll-2] DEBUG reactor.netty.resources.DefaultPooledConnectionProvider - [1f19a60f-9, L:/127.0.0.1:44916 - R:localhost/127.0.0.1:49166] onStateChange(POST{uri=/api/auth/login, connection=PooledConnection{channel=[id: 0x1f19a60f, L:/127.0.0.1:44916 - R:localhost/127.0.0.1:49166]}}, [request_sent])
00:12:59.532 [reactor-http-epoll-2] DEBUG reactor.netty.http.client.HttpClientOperations - [1f19a60f-9, L:/127.0.0.1:44916 - R:localhost/127.0.0.1:49166] Received response (auto-read:false) : [Vary=Origin, Vary=Access-Control-Request-Method, Vary=Access-Control-Request-Headers, Content-Type=application/json, Cache-Control=no-cache, no-store, max-age=0, must-revalidate, Pragma=no-cache, Expires=0, X-Content-Type-Options=nosniff, X-Frame-Options=DENY, X-XSS-Protection=1 ; mode=block, Referrer-Policy=no-referrer, content-length=160]
00:12:59.532 [reactor-http-epoll-2] DEBUG reactor.netty.resources.DefaultPooledConnectionProvider - [1f19a60f-9, L:/127.0.0.1:44916 - R:localhost/127.0.0.1:49166] onStateChange(POST{uri=/api/auth/login, connection=PooledConnection{channel=[id: 0x1f19a60f, L:/127.0.0.1:44916 - R:localhost/127.0.0.1:49166]}}, [response_received])
00:12:59.532 [reactor-http-epoll-2] DEBUG org.springframework.web.reactive.function.client.ExchangeFunctions - [57efc6fd] [1f19a60f-9, L:/127.0.0.1:44916 - R:localhost/127.0.0.1:49166] Response 409 CONFLICT
00:12:59.532 [reactor-http-epoll-2] DEBUG reactor.netty.http.client.HttpClientOperations - [1f19a60f-9, L:/127.0.0.1:44916 - R:localhost/127.0.0.1:49166] Received last HTTP packet
00:12:59.532 [reactor-http-epoll-2] DEBUG reactor.netty.resources.DefaultPooledConnectionProvider - [1f19a60f, L:/127.0.0.1:44916 - R:localhost/127.0.0.1:49166] onStateChange(POST{uri=/api/auth/login, connection=PooledConnection{channel=[id: 0x1f19a60f, L:/127.0.0.1:44916 - R:localhost/127.0.0.1:49166]}}, [response_completed])
00:12:59.532 [reactor-http-epoll-2] DEBUG reactor.netty.resources.DefaultPooledConnectionProvider - [1f19a60f, L:/127.0.0.1:44916 - R:localhost/127.0.0.1:49166] onStateChange(POST{uri=/api/auth/login, connection=PooledConnection{channel=[id: 0x1f19a60f, L:/127.0.0.1:44916 - R:localhost/127.0.0.1:49166]}}, [disconnecting])
00:12:59.532 [reactor-http-epoll-2] DEBUG reactor.netty.resources.DefaultPooledConnectionProvider - [1f19a60f, L:/127.0.0.1:44916 - R:localhost/127.0.0.1:49166] Releasing channel
00:12:59.533 [reactor-http-epoll-2] DEBUG reactor.netty.resources.PooledConnectionProvider - [1f19a60f, L:/127.0.0.1:44916 - R:localhost/127.0.0.1:49166] Channel cleaned, now: 0 active connections, 1 inactive connections and 0 pending acquire requests.
00:12:59.533 [reactor-http-epoll-2] DEBUG reactor.netty.channel.FluxReceive - [1f19a60f, L:/127.0.0.1:44916 - R:localhost/127.0.0.1:49166] FluxReceive{pending=1, cancelled=false, inboundDone=true, inboundError=null}: subscribing inbound receiver
00:12:59.533 [main] ERROR org.springframework.test.web.reactive.server.ExchangeResult - Request details for assertion failure:

> POST http://localhost:49166/api/auth/login
> accept-encoding: [gzip]
> user-agent: [ReactorNetty/1.0.20]
> host: [localhost:49166]
> Content-Type: [application/json]
> Accept: [application/json]
> WebTestClient-Request-Id: [2]
> Content-Length: [67]

{"username":"","email":"juniar@almende.org","password":"qwerty123"}

< 409 CONFLICT Conflict
< Vary: [Origin, Access-Control-Request-Method, Access-Control-Request-Headers]
< Content-Type: [application/json]
< Cache-Control: [no-cache, no-store, max-age=0, must-revalidate]
< Pragma: [no-cache]
< Expires: [0]
< X-Content-Type-Options: [nosniff]
< X-Frame-Options: [DENY]
< X-XSS-Protection: [1 ; mode=block]
< Referrer-Policy: [no-referrer]
< content-length: [160]

{"status":409,"message":"com.trello.clone.identity.session.exists","path":"/api/auth/login","timestamp":1664817179529,"stackTrace":null,"validationErrors":null}

]]></system-out>
  </testcase>
  <testcase name="whenFetchingExistingBoard_thenExpectCorrectResult" classname="com.trello.clone.integration.AlmendeServiceIT$NestedBoardCreationST" time="0.442"/>
  <testcase name="whenCreatingNewBoardWithValidPayload_thenExpectOkStatus" classname="com.trello.clone.integration.AlmendeServiceIT$NestedBoardCreationST" time="0.987">
    <failure message="Status expected:&lt;200 OK&gt; but was:&lt;404 NOT_FOUND&gt;" type="java.lang.AssertionError"><![CDATA[java.lang.AssertionError: Status expected:<200 OK> but was:<404 NOT_FOUND>
]]></failure>
    <system-out><![CDATA[00:12:59.557 [main] DEBUG org.springframework.web.reactive.function.client.ExchangeFunctions - [217c23ce] HTTP POST http://localhost:49166/api/board
00:12:59.558 [reactor-http-epoll-2] DEBUG reactor.netty.resources.PooledConnectionProvider - [1f19a60f, L:/127.0.0.1:44916 - R:localhost/127.0.0.1:49166] Channel acquired, now: 1 active connections, 0 inactive connections and 0 pending acquire requests.
00:12:59.558 [reactor-http-epoll-2] DEBUG reactor.netty.http.client.HttpClientConnect - [1f19a60f-11, L:/127.0.0.1:44916 - R:localhost/127.0.0.1:49166] Handler is being applied: {uri=http://localhost:49166/api/board, method=POST}
00:12:59.558 [reactor-http-epoll-2] DEBUG reactor.netty.resources.DefaultPooledConnectionProvider - [1f19a60f-11, L:/127.0.0.1:44916 - R:localhost/127.0.0.1:49166] onStateChange(POST{uri=/api/board, connection=PooledConnection{channel=[id: 0x1f19a60f, L:/127.0.0.1:44916 - R:localhost/127.0.0.1:49166]}}, [request_prepared])
00:12:59.561 [reactor-http-epoll-2] DEBUG org.springframework.http.codec.json.Jackson2JsonEncoder - [217c23ce] Encoding [NewBoardPayload[boardName=foo]]
00:12:59.563 [reactor-http-epoll-2] DEBUG reactor.netty.resources.DefaultPooledConnectionProvider - [1f19a60f-11, L:/127.0.0.1:44916 - R:localhost/127.0.0.1:49166] onStateChange(POST{uri=/api/board, connection=PooledConnection{channel=[id: 0x1f19a60f, L:/127.0.0.1:44916 - R:localhost/127.0.0.1:49166]}}, [request_sent])
00:12:59.571 [reactor-http-epoll-2] DEBUG reactor.netty.http.client.HttpClientOperations - [1f19a60f-11, L:/127.0.0.1:44916 - R:localhost/127.0.0.1:49166] Received response (auto-read:false) : [Content-Type=application/json, Cache-Control=no-cache, no-store, max-age=0, must-revalidate, Pragma=no-cache, Expires=0, X-Content-Type-Options=nosniff, X-Frame-Options=DENY, X-XSS-Protection=1 ; mode=block, Referrer-Policy=no-referrer, content-length=106]
00:12:59.571 [reactor-http-epoll-2] DEBUG reactor.netty.resources.DefaultPooledConnectionProvider - [1f19a60f-11, L:/127.0.0.1:44916 - R:localhost/127.0.0.1:49166] onStateChange(POST{uri=/api/board, connection=PooledConnection{channel=[id: 0x1f19a60f, L:/127.0.0.1:44916 - R:localhost/127.0.0.1:49166]}}, [response_received])
00:12:59.572 [reactor-http-epoll-2] DEBUG org.springframework.web.reactive.function.client.ExchangeFunctions - [217c23ce] [1f19a60f-11, L:/127.0.0.1:44916 - R:localhost/127.0.0.1:49166] Response 404 NOT_FOUND
00:12:59.572 [reactor-http-epoll-2] DEBUG reactor.netty.http.client.HttpClientOperations - [1f19a60f-11, L:/127.0.0.1:44916 - R:localhost/127.0.0.1:49166] Received last HTTP packet
00:12:59.572 [reactor-http-epoll-2] DEBUG reactor.netty.resources.DefaultPooledConnectionProvider - [1f19a60f, L:/127.0.0.1:44916 - R:localhost/127.0.0.1:49166] onStateChange(POST{uri=/api/board, connection=PooledConnection{channel=[id: 0x1f19a60f, L:/127.0.0.1:44916 - R:localhost/127.0.0.1:49166]}}, [response_completed])
00:12:59.572 [reactor-http-epoll-2] DEBUG reactor.netty.resources.DefaultPooledConnectionProvider - [1f19a60f, L:/127.0.0.1:44916 - R:localhost/127.0.0.1:49166] onStateChange(POST{uri=/api/board, connection=PooledConnection{channel=[id: 0x1f19a60f, L:/127.0.0.1:44916 - R:localhost/127.0.0.1:49166]}}, [disconnecting])
00:12:59.572 [reactor-http-epoll-2] DEBUG reactor.netty.resources.DefaultPooledConnectionProvider - [1f19a60f, L:/127.0.0.1:44916 - R:localhost/127.0.0.1:49166] Releasing channel
00:12:59.572 [reactor-http-epoll-2] DEBUG reactor.netty.resources.PooledConnectionProvider - [1f19a60f, L:/127.0.0.1:44916 - R:localhost/127.0.0.1:49166] Channel cleaned, now: 0 active connections, 1 inactive connections and 0 pending acquire requests.
00:12:59.573 [reactor-http-epoll-2] DEBUG reactor.netty.channel.FluxReceive - [1f19a60f, L:/127.0.0.1:44916 - R:localhost/127.0.0.1:49166] FluxReceive{pending=1, cancelled=false, inboundDone=true, inboundError=null}: subscribing inbound receiver
00:12:59.573 [main] ERROR org.springframework.test.web.reactive.server.ExchangeResult - Request details for assertion failure:

> POST http://localhost:49166/api/board
> accept-encoding: [gzip]
> user-agent: [ReactorNetty/1.0.20]
> host: [localhost:49166]
> Content-Type: [application/json]
> Accept: [application/json]
> WebTestClient-Request-Id: [2]
> Authorization: [Bearer eyJ0eXAiOiJKV1QiLCJhbGciOiJIUzUxMiJ9.eyJzdWIiOiJjN2NmMWU3ZC01NjgzLTRiYmEtYTc0OS1mNzFmNjgyZGRjZTIiLCJpc3MiOiJBZ2lsZSBJZGVudGl0eSBTZXJ2aWNlIiwiZXhwIjoxNjY0ODE4OTc5LCJpYXQiOjE2NjQ4MTcxNzksImp0aSI6IjVhMzdmZDQ2LTE5YmMtNGY0Mi1hZjZmLThlYTQ2YTJjNDZkZSJ9.uWicxVByeMKMimyrv9Qc3SyY7dOrP4nYX1sR4Ky2gXCge4unl7hiXRU8FOs2r1uPap20TDYshnjSVjJIduqLxg]
> Content-Length: [19]

{"boardName":"foo"}

< 404 NOT_FOUND Not Found
< Content-Type: [application/json]
< Cache-Control: [no-cache, no-store, max-age=0, must-revalidate]
< Pragma: [no-cache]
< Expires: [0]
< X-Content-Type-Options: [nosniff]
< X-Frame-Options: [DENY]
< X-XSS-Protection: [1 ; mode=block]
< Referrer-Policy: [no-referrer]
< content-length: [106]

{"timestamp":1664817179566,"path":"/api/board","status":404,"error":"Not Found","requestId":"5713a9ab-11"}

]]></system-out>
  </testcase>
  <testcase name="whenCreatingNewColumnWithValidPayload_thenExpectOkStatus" classname="com.trello.clone.integration.AlmendeServiceIT$NestedColumnCreateST" time="0.012">
    <failure message="Status expected:&lt;200 OK&gt; but was:&lt;404 NOT_FOUND&gt;" type="java.lang.AssertionError"><![CDATA[java.lang.AssertionError: Status expected:<200 OK> but was:<404 NOT_FOUND>
]]></failure>
    <system-out><![CDATA[00:12:59.578 [main] DEBUG org.springframework.web.reactive.function.client.ExchangeFunctions - [1200458e] HTTP POST http://localhost:49166/api/column
00:12:59.579 [reactor-http-epoll-2] DEBUG reactor.netty.resources.PooledConnectionProvider - [1f19a60f, L:/127.0.0.1:44916 - R:localhost/127.0.0.1:49166] Channel acquired, now: 1 active connections, 0 inactive connections and 0 pending acquire requests.
00:12:59.579 [reactor-http-epoll-2] DEBUG reactor.netty.http.client.HttpClientConnect - [1f19a60f-12, L:/127.0.0.1:44916 - R:localhost/127.0.0.1:49166] Handler is being applied: {uri=http://localhost:49166/api/column, method=POST}
00:12:59.579 [reactor-http-epoll-2] DEBUG reactor.netty.resources.DefaultPooledConnectionProvider - [1f19a60f-12, L:/127.0.0.1:44916 - R:localhost/127.0.0.1:49166] onStateChange(POST{uri=/api/column, connection=PooledConnection{channel=[id: 0x1f19a60f, L:/127.0.0.1:44916 - R:localhost/127.0.0.1:49166]}}, [request_prepared])
00:12:59.581 [reactor-http-epoll-2] DEBUG org.springframework.http.codec.json.Jackson2JsonEncoder - [1200458e] Encoding [NewColumnPayload[boardName=foo, columnName=bar]]
00:12:59.583 [reactor-http-epoll-2] DEBUG reactor.netty.resources.DefaultPooledConnectionProvider - [1f19a60f-12, L:/127.0.0.1:44916 - R:localhost/127.0.0.1:49166] onStateChange(POST{uri=/api/column, connection=PooledConnection{channel=[id: 0x1f19a60f, L:/127.0.0.1:44916 - R:localhost/127.0.0.1:49166]}}, [request_sent])
00:12:59.620 [reactor-http-epoll-2] DEBUG reactor.netty.http.client.HttpClientOperations - [1f19a60f-12, L:/127.0.0.1:44916 - R:localhost/127.0.0.1:49166] Received response (auto-read:false) : [Content-Type=application/json, Cache-Control=no-cache, no-store, max-age=0, must-revalidate, Pragma=no-cache, Expires=0, X-Content-Type-Options=nosniff, X-Frame-Options=DENY, X-XSS-Protection=1 ; mode=block, Referrer-Policy=no-referrer, content-length=107]
00:12:59.620 [reactor-http-epoll-2] DEBUG reactor.netty.resources.DefaultPooledConnectionProvider - [1f19a60f-12, L:/127.0.0.1:44916 - R:localhost/127.0.0.1:49166] onStateChange(POST{uri=/api/column, connection=PooledConnection{channel=[id: 0x1f19a60f, L:/127.0.0.1:44916 - R:localhost/127.0.0.1:49166]}}, [response_received])
00:12:59.621 [reactor-http-epoll-2] DEBUG org.springframework.web.reactive.function.client.ExchangeFunctions - [1200458e] [1f19a60f-12, L:/127.0.0.1:44916 - R:localhost/127.0.0.1:49166] Response 404 NOT_FOUND
00:12:59.622 [reactor-http-epoll-2] DEBUG reactor.netty.http.client.HttpClientOperations - [1f19a60f-12, L:/127.0.0.1:44916 - R:localhost/127.0.0.1:49166] Received last HTTP packet
00:12:59.622 [reactor-http-epoll-2] DEBUG reactor.netty.resources.DefaultPooledConnectionProvider - [1f19a60f, L:/127.0.0.1:44916 - R:localhost/127.0.0.1:49166] onStateChange(POST{uri=/api/column, connection=PooledConnection{channel=[id: 0x1f19a60f, L:/127.0.0.1:44916 - R:localhost/127.0.0.1:49166]}}, [response_completed])
00:12:59.622 [reactor-http-epoll-2] DEBUG reactor.netty.resources.DefaultPooledConnectionProvider - [1f19a60f, L:/127.0.0.1:44916 - R:localhost/127.0.0.1:49166] onStateChange(POST{uri=/api/column, connection=PooledConnection{channel=[id: 0x1f19a60f, L:/127.0.0.1:44916 - R:localhost/127.0.0.1:49166]}}, [disconnecting])
00:12:59.622 [reactor-http-epoll-2] DEBUG reactor.netty.resources.DefaultPooledConnectionProvider - [1f19a60f, L:/127.0.0.1:44916 - R:localhost/127.0.0.1:49166] Releasing channel
00:12:59.623 [reactor-http-epoll-2] DEBUG reactor.netty.resources.PooledConnectionProvider - [1f19a60f, L:/127.0.0.1:44916 - R:localhost/127.0.0.1:49166] Channel cleaned, now: 0 active connections, 1 inactive connections and 0 pending acquire requests.
00:12:59.623 [reactor-http-epoll-2] DEBUG reactor.netty.channel.FluxReceive - [1f19a60f, L:/127.0.0.1:44916 - R:localhost/127.0.0.1:49166] FluxReceive{pending=1, cancelled=false, inboundDone=true, inboundError=null}: subscribing inbound receiver
00:12:59.623 [main] ERROR org.springframework.test.web.reactive.server.ExchangeResult - Request details for assertion failure:

> POST http://localhost:49166/api/column
> accept-encoding: [gzip]
> user-agent: [ReactorNetty/1.0.20]
> host: [localhost:49166]
> Content-Type: [application/json]
> Accept: [application/json]
> WebTestClient-Request-Id: [1]
> Authorization: [Bearer eyJ0eXAiOiJKV1QiLCJhbGciOiJIUzUxMiJ9.eyJzdWIiOiJjN2NmMWU3ZC01NjgzLTRiYmEtYTc0OS1mNzFmNjgyZGRjZTIiLCJpc3MiOiJBZ2lsZSBJZGVudGl0eSBTZXJ2aWNlIiwiZXhwIjoxNjY0ODE4OTc5LCJpYXQiOjE2NjQ4MTcxNzksImp0aSI6IjVhMzdmZDQ2LTE5YmMtNGY0Mi1hZjZmLThlYTQ2YTJjNDZkZSJ9.uWicxVByeMKMimyrv9Qc3SyY7dOrP4nYX1sR4Ky2gXCge4unl7hiXRU8FOs2r1uPap20TDYshnjSVjJIduqLxg]
> Content-Length: [38]

{"boardName":"foo","columnName":"bar"}

< 404 NOT_FOUND Not Found
< Content-Type: [application/json]
< Cache-Control: [no-cache, no-store, max-age=0, must-revalidate]
< Pragma: [no-cache]
< Expires: [0]
< X-Content-Type-Options: [nosniff]
< X-Frame-Options: [DENY]
< X-XSS-Protection: [1 ; mode=block]
< Referrer-Policy: [no-referrer]
< content-length: [107]

{"timestamp":1664817179615,"path":"/api/column","status":404,"error":"Not Found","requestId":"5713a9ab-12"}

]]></system-out>
  </testcase>
  <testcase name="whenCreatingNewTaskWithValidParams_thenExpectOkStatus" classname="com.trello.clone.integration.AlmendeServiceIT$NestedTaskCreateST" time="0.005">
    <failure message="Status expected:&lt;200 OK&gt; but was:&lt;404 NOT_FOUND&gt;" type="java.lang.AssertionError"><![CDATA[java.lang.AssertionError: Status expected:<200 OK> but was:<404 NOT_FOUND>
]]></failure>
    <system-out><![CDATA[00:12:59.631 [main] DEBUG org.springframework.web.reactive.function.client.ExchangeFunctions - [6dee8ae6] HTTP POST http://localhost:49166/api/task
00:12:59.631 [reactor-http-epoll-2] DEBUG reactor.netty.resources.PooledConnectionProvider - [1f19a60f, L:/127.0.0.1:44916 - R:localhost/127.0.0.1:49166] Channel acquired, now: 1 active connections, 0 inactive connections and 0 pending acquire requests.
00:12:59.632 [reactor-http-epoll-2] DEBUG reactor.netty.http.client.HttpClientConnect - [1f19a60f-13, L:/127.0.0.1:44916 - R:localhost/127.0.0.1:49166] Handler is being applied: {uri=http://localhost:49166/api/task, method=POST}
00:12:59.632 [reactor-http-epoll-2] DEBUG reactor.netty.resources.DefaultPooledConnectionProvider - [1f19a60f-13, L:/127.0.0.1:44916 - R:localhost/127.0.0.1:49166] onStateChange(POST{uri=/api/task, connection=PooledConnection{channel=[id: 0x1f19a60f, L:/127.0.0.1:44916 - R:localhost/127.0.0.1:49166]}}, [request_prepared])
00:12:59.636 [reactor-http-epoll-2] DEBUG org.springframework.http.codec.json.Jackson2JsonEncoder - [6dee8ae6] Encoding [TaskPayload[boardName=foo, columnName=bar, taskName=baz]]
00:12:59.638 [reactor-http-epoll-2] DEBUG reactor.netty.resources.DefaultPooledConnectionProvider - [1f19a60f-13, L:/127.0.0.1:44916 - R:localhost/127.0.0.1:49166] onStateChange(POST{uri=/api/task, connection=PooledConnection{channel=[id: 0x1f19a60f, L:/127.0.0.1:44916 - R:localhost/127.0.0.1:49166]}}, [request_sent])
00:12:59.645 [reactor-http-epoll-2] DEBUG reactor.netty.http.client.HttpClientOperations - [1f19a60f-13, L:/127.0.0.1:44916 - R:localhost/127.0.0.1:49166] Received response (auto-read:false) : [Content-Type=application/json, Cache-Control=no-cache, no-store, max-age=0, must-revalidate, Pragma=no-cache, Expires=0, X-Content-Type-Options=nosniff, X-Frame-Options=DENY, X-XSS-Protection=1 ; mode=block, Referrer-Policy=no-referrer, content-length=105]
00:12:59.645 [reactor-http-epoll-2] DEBUG reactor.netty.resources.DefaultPooledConnectionProvider - [1f19a60f-13, L:/127.0.0.1:44916 - R:localhost/127.0.0.1:49166] onStateChange(POST{uri=/api/task, connection=PooledConnection{channel=[id: 0x1f19a60f, L:/127.0.0.1:44916 - R:localhost/127.0.0.1:49166]}}, [response_received])
00:12:59.646 [reactor-http-epoll-2] DEBUG org.springframework.web.reactive.function.client.ExchangeFunctions - [6dee8ae6] [1f19a60f-13, L:/127.0.0.1:44916 - R:localhost/127.0.0.1:49166] Response 404 NOT_FOUND
00:12:59.646 [reactor-http-epoll-2] DEBUG reactor.netty.http.client.HttpClientOperations - [1f19a60f-13, L:/127.0.0.1:44916 - R:localhost/127.0.0.1:49166] Received last HTTP packet
00:12:59.646 [reactor-http-epoll-2] DEBUG reactor.netty.resources.DefaultPooledConnectionProvider - [1f19a60f, L:/127.0.0.1:44916 - R:localhost/127.0.0.1:49166] onStateChange(POST{uri=/api/task, connection=PooledConnection{channel=[id: 0x1f19a60f, L:/127.0.0.1:44916 - R:localhost/127.0.0.1:49166]}}, [response_completed])
00:12:59.646 [reactor-http-epoll-2] DEBUG reactor.netty.resources.DefaultPooledConnectionProvider - [1f19a60f, L:/127.0.0.1:44916 - R:localhost/127.0.0.1:49166] onStateChange(POST{uri=/api/task, connection=PooledConnection{channel=[id: 0x1f19a60f, L:/127.0.0.1:44916 - R:localhost/127.0.0.1:49166]}}, [disconnecting])
00:12:59.646 [reactor-http-epoll-2] DEBUG reactor.netty.resources.DefaultPooledConnectionProvider - [1f19a60f, L:/127.0.0.1:44916 - R:localhost/127.0.0.1:49166] Releasing channel
00:12:59.646 [reactor-http-epoll-2] DEBUG reactor.netty.resources.PooledConnectionProvider - [1f19a60f, L:/127.0.0.1:44916 - R:localhost/127.0.0.1:49166] Channel cleaned, now: 0 active connections, 1 inactive connections and 0 pending acquire requests.
00:12:59.647 [reactor-http-epoll-2] DEBUG reactor.netty.channel.FluxReceive - [1f19a60f, L:/127.0.0.1:44916 - R:localhost/127.0.0.1:49166] FluxReceive{pending=1, cancelled=false, inboundDone=true, inboundError=null}: subscribing inbound receiver
00:12:59.647 [main] ERROR org.springframework.test.web.reactive.server.ExchangeResult - Request details for assertion failure:

> POST http://localhost:49166/api/task
> accept-encoding: [gzip]
> user-agent: [ReactorNetty/1.0.20]
> host: [localhost:49166]
> Content-Type: [application/json]
> Accept: [application/json]
> WebTestClient-Request-Id: [1]
> Authorization: [Bearer eyJ0eXAiOiJKV1QiLCJhbGciOiJIUzUxMiJ9.eyJzdWIiOiJjN2NmMWU3ZC01NjgzLTRiYmEtYTc0OS1mNzFmNjgyZGRjZTIiLCJpc3MiOiJBZ2lsZSBJZGVudGl0eSBTZXJ2aWNlIiwiZXhwIjoxNjY0ODE4OTc5LCJpYXQiOjE2NjQ4MTcxNzksImp0aSI6IjVhMzdmZDQ2LTE5YmMtNGY0Mi1hZjZmLThlYTQ2YTJjNDZkZSJ9.uWicxVByeMKMimyrv9Qc3SyY7dOrP4nYX1sR4Ky2gXCge4unl7hiXRU8FOs2r1uPap20TDYshnjSVjJIduqLxg]
> Content-Length: [55]

{"boardName":"foo","columnName":"bar","taskName":"baz"}

< 404 NOT_FOUND Not Found
< Content-Type: [application/json]
< Cache-Control: [no-cache, no-store, max-age=0, must-revalidate]
< Pragma: [no-cache]
< Expires: [0]
< X-Content-Type-Options: [nosniff]
< X-Frame-Options: [DENY]
< X-XSS-Protection: [1 ; mode=block]
< Referrer-Policy: [no-referrer]
< content-length: [105]

{"timestamp":1664817179640,"path":"/api/task","status":404,"error":"Not Found","requestId":"5713a9ab-13"}

]]></system-out>
  </testcase>
  <testcase name="whenDeletingTaskWithValidParams_thenExpectOkStatus" classname="com.trello.clone.integration.AlmendeServiceIT$NestedDeleteST" time="0.006">
    <failure message="Status expected:&lt;200 OK&gt; but was:&lt;404 NOT_FOUND&gt;" type="java.lang.AssertionError"><![CDATA[java.lang.AssertionError: Status expected:<200 OK> but was:<404 NOT_FOUND>
]]></failure>
    <system-out><![CDATA[00:12:59.652 [main] DEBUG org.springframework.web.reactive.function.client.ExchangeFunctions - [17229821] HTTP DELETE http://localhost:49166/api/task?board=foo&column=bar&task=baz
00:12:59.653 [reactor-http-epoll-2] DEBUG reactor.netty.resources.PooledConnectionProvider - [1f19a60f, L:/127.0.0.1:44916 - R:localhost/127.0.0.1:49166] Channel acquired, now: 1 active connections, 0 inactive connections and 0 pending acquire requests.
00:12:59.653 [reactor-http-epoll-2] DEBUG reactor.netty.http.client.HttpClientConnect - [1f19a60f-14, L:/127.0.0.1:44916 - R:localhost/127.0.0.1:49166] Handler is being applied: {uri=http://localhost:49166/api/task?board=foo&column=bar&task=baz, method=DELETE}
00:12:59.653 [reactor-http-epoll-2] DEBUG reactor.netty.resources.DefaultPooledConnectionProvider - [1f19a60f-14, L:/127.0.0.1:44916 - R:localhost/127.0.0.1:49166] onStateChange(DELETE{uri=/api/task?board=foo&column=bar&task=baz, connection=PooledConnection{channel=[id: 0x1f19a60f, L:/127.0.0.1:44916 - R:localhost/127.0.0.1:49166]}}, [request_prepared])
00:12:59.654 [reactor-http-epoll-2] DEBUG reactor.netty.resources.DefaultPooledConnectionProvider - [1f19a60f-14, L:/127.0.0.1:44916 - R:localhost/127.0.0.1:49166] onStateChange(DELETE{uri=/api/task?board=foo&column=bar&task=baz, connection=PooledConnection{channel=[id: 0x1f19a60f, L:/127.0.0.1:44916 - R:localhost/127.0.0.1:49166]}}, [request_sent])
00:12:59.702 [reactor-http-epoll-2] DEBUG reactor.netty.http.client.HttpClientOperations - [1f19a60f-14, L:/127.0.0.1:44916 - R:localhost/127.0.0.1:49166] Received response (auto-read:false) : [Content-Type=application/json, Cache-Control=no-cache, no-store, max-age=0, must-revalidate, Pragma=no-cache, Expires=0, X-Content-Type-Options=nosniff, X-Frame-Options=DENY, X-XSS-Protection=1 ; mode=block, Referrer-Policy=no-referrer, content-length=105]
00:12:59.702 [reactor-http-epoll-2] DEBUG reactor.netty.resources.DefaultPooledConnectionProvider - [1f19a60f-14, L:/127.0.0.1:44916 - R:localhost/127.0.0.1:49166] onStateChange(DELETE{uri=/api/task?board=foo&column=bar&task=baz, connection=PooledConnection{channel=[id: 0x1f19a60f, L:/127.0.0.1:44916 - R:localhost/127.0.0.1:49166]}}, [response_received])
00:12:59.702 [reactor-http-epoll-2] DEBUG org.springframework.web.reactive.function.client.ExchangeFunctions - [17229821] [1f19a60f-14, L:/127.0.0.1:44916 - R:localhost/127.0.0.1:49166] Response 404 NOT_FOUND
00:12:59.702 [reactor-http-epoll-2] DEBUG reactor.netty.http.client.HttpClientOperations - [1f19a60f-14, L:/127.0.0.1:44916 - R:localhost/127.0.0.1:49166] Received last HTTP packet
00:12:59.702 [reactor-http-epoll-2] DEBUG reactor.netty.resources.DefaultPooledConnectionProvider - [1f19a60f, L:/127.0.0.1:44916 - R:localhost/127.0.0.1:49166] onStateChange(DELETE{uri=/api/task?board=foo&column=bar&task=baz, connection=PooledConnection{channel=[id: 0x1f19a60f, L:/127.0.0.1:44916 - R:localhost/127.0.0.1:49166]}}, [response_completed])
00:12:59.702 [reactor-http-epoll-2] DEBUG reactor.netty.resources.DefaultPooledConnectionProvider - [1f19a60f, L:/127.0.0.1:44916 - R:localhost/127.0.0.1:49166] onStateChange(DELETE{uri=/api/task?board=foo&column=bar&task=baz, connection=PooledConnection{channel=[id: 0x1f19a60f, L:/127.0.0.1:44916 - R:localhost/127.0.0.1:49166]}}, [disconnecting])
00:12:59.702 [reactor-http-epoll-2] DEBUG reactor.netty.resources.DefaultPooledConnectionProvider - [1f19a60f, L:/127.0.0.1:44916 - R:localhost/127.0.0.1:49166] Releasing channel
00:12:59.702 [reactor-http-epoll-2] DEBUG reactor.netty.resources.PooledConnectionProvider - [1f19a60f, L:/127.0.0.1:44916 - R:localhost/127.0.0.1:49166] Channel cleaned, now: 0 active connections, 1 inactive connections and 0 pending acquire requests.
00:12:59.703 [reactor-http-epoll-2] DEBUG reactor.netty.channel.FluxReceive - [1f19a60f, L:/127.0.0.1:44916 - R:localhost/127.0.0.1:49166] FluxReceive{pending=1, cancelled=false, inboundDone=true, inboundError=null}: subscribing inbound receiver
00:12:59.703 [main] ERROR org.springframework.test.web.reactive.server.ExchangeResult - Request details for assertion failure:

> DELETE http://localhost:49166/api/task?board=foo&column=bar&task=baz
> accept-encoding: [gzip]
> user-agent: [ReactorNetty/1.0.20]
> host: [localhost:49166]
> Content-Type: [application/json]
> Accept: [application/json]
> WebTestClient-Request-Id: [1]
> Authorization: [Bearer eyJ0eXAiOiJKV1QiLCJhbGciOiJIUzUxMiJ9.eyJzdWIiOiJjN2NmMWU3ZC01NjgzLTRiYmEtYTc0OS1mNzFmNjgyZGRjZTIiLCJpc3MiOiJBZ2lsZSBJZGVudGl0eSBTZXJ2aWNlIiwiZXhwIjoxNjY0ODE4OTc5LCJpYXQiOjE2NjQ4MTcxNzksImp0aSI6IjVhMzdmZDQ2LTE5YmMtNGY0Mi1hZjZmLThlYTQ2YTJjNDZkZSJ9.uWicxVByeMKMimyrv9Qc3SyY7dOrP4nYX1sR4Ky2gXCge4unl7hiXRU8FOs2r1uPap20TDYshnjSVjJIduqLxg]

No content

< 404 NOT_FOUND Not Found
< Content-Type: [application/json]
< Cache-Control: [no-cache, no-store, max-age=0, must-revalidate]
< Pragma: [no-cache]
< Expires: [0]
< X-Content-Type-Options: [nosniff]
< X-Frame-Options: [DENY]
< X-XSS-Protection: [1 ; mode=block]
< Referrer-Policy: [no-referrer]
< content-length: [105]

{"timestamp":1664817179695,"path":"/api/task","status":404,"error":"Not Found","requestId":"5713a9ab-14"}

]]></system-out>
  </testcase>
  <testcase name="whenDeletingColumnWithValidParams_thenExpectOkStatus" classname="com.trello.clone.integration.AlmendeServiceIT$NestedColumnDeleteST" time="0.013">
    <failure message="Status expected:&lt;200 OK&gt; but was:&lt;404 NOT_FOUND&gt;" type="java.lang.AssertionError"><![CDATA[java.lang.AssertionError: Status expected:<200 OK> but was:<404 NOT_FOUND>
]]></failure>
    <system-out><![CDATA[00:12:59.707 [main] DEBUG org.springframework.web.reactive.function.client.ExchangeFunctions - [6cbe68e9] HTTP DELETE http://localhost:49166/api/column?board=foo&column=bar
00:12:59.707 [reactor-http-epoll-2] DEBUG reactor.netty.resources.PooledConnectionProvider - [1f19a60f, L:/127.0.0.1:44916 - R:localhost/127.0.0.1:49166] Channel acquired, now: 1 active connections, 0 inactive connections and 0 pending acquire requests.
00:12:59.707 [reactor-http-epoll-2] DEBUG reactor.netty.http.client.HttpClientConnect - [1f19a60f-15, L:/127.0.0.1:44916 - R:localhost/127.0.0.1:49166] Handler is being applied: {uri=http://localhost:49166/api/column?board=foo&column=bar, method=DELETE}
00:12:59.708 [reactor-http-epoll-2] DEBUG reactor.netty.resources.DefaultPooledConnectionProvider - [1f19a60f-15, L:/127.0.0.1:44916 - R:localhost/127.0.0.1:49166] onStateChange(DELETE{uri=/api/column?board=foo&column=bar, connection=PooledConnection{channel=[id: 0x1f19a60f, L:/127.0.0.1:44916 - R:localhost/127.0.0.1:49166]}}, [request_prepared])
00:12:59.709 [reactor-http-epoll-2] DEBUG reactor.netty.resources.DefaultPooledConnectionProvider - [1f19a60f-15, L:/127.0.0.1:44916 - R:localhost/127.0.0.1:49166] onStateChange(DELETE{uri=/api/column?board=foo&column=bar, connection=PooledConnection{channel=[id: 0x1f19a60f, L:/127.0.0.1:44916 - R:localhost/127.0.0.1:49166]}}, [request_sent])
00:12:59.714 [reactor-http-epoll-2] DEBUG reactor.netty.http.client.HttpClientOperations - [1f19a60f-15, L:/127.0.0.1:44916 - R:localhost/127.0.0.1:49166] Received response (auto-read:false) : [Content-Type=application/json, Cache-Control=no-cache, no-store, max-age=0, must-revalidate, Pragma=no-cache, Expires=0, X-Content-Type-Options=nosniff, X-Frame-Options=DENY, X-XSS-Protection=1 ; mode=block, Referrer-Policy=no-referrer, content-length=107]
00:12:59.715 [reactor-http-epoll-2] DEBUG reactor.netty.resources.DefaultPooledConnectionProvider - [1f19a60f-15, L:/127.0.0.1:44916 - R:localhost/127.0.0.1:49166] onStateChange(DELETE{uri=/api/column?board=foo&column=bar, connection=PooledConnection{channel=[id: 0x1f19a60f, L:/127.0.0.1:44916 - R:localhost/127.0.0.1:49166]}}, [response_received])
00:12:59.715 [reactor-http-epoll-2] DEBUG org.springframework.web.reactive.function.client.ExchangeFunctions - [6cbe68e9] [1f19a60f-15, L:/127.0.0.1:44916 - R:localhost/127.0.0.1:49166] Response 404 NOT_FOUND
00:12:59.715 [reactor-http-epoll-2] DEBUG reactor.netty.http.client.HttpClientOperations - [1f19a60f-15, L:/127.0.0.1:44916 - R:localhost/127.0.0.1:49166] Received last HTTP packet
00:12:59.716 [reactor-http-epoll-2] DEBUG reactor.netty.resources.DefaultPooledConnectionProvider - [1f19a60f, L:/127.0.0.1:44916 - R:localhost/127.0.0.1:49166] onStateChange(DELETE{uri=/api/column?board=foo&column=bar, connection=PooledConnection{channel=[id: 0x1f19a60f, L:/127.0.0.1:44916 - R:localhost/127.0.0.1:49166]}}, [response_completed])
00:12:59.716 [reactor-http-epoll-2] DEBUG reactor.netty.resources.DefaultPooledConnectionProvider - [1f19a60f, L:/127.0.0.1:44916 - R:localhost/127.0.0.1:49166] onStateChange(DELETE{uri=/api/column?board=foo&column=bar, connection=PooledConnection{channel=[id: 0x1f19a60f, L:/127.0.0.1:44916 - R:localhost/127.0.0.1:49166]}}, [disconnecting])
00:12:59.716 [reactor-http-epoll-2] DEBUG reactor.netty.resources.DefaultPooledConnectionProvider - [1f19a60f, L:/127.0.0.1:44916 - R:localhost/127.0.0.1:49166] Releasing channel
00:12:59.716 [reactor-http-epoll-2] DEBUG reactor.netty.resources.PooledConnectionProvider - [1f19a60f, L:/127.0.0.1:44916 - R:localhost/127.0.0.1:49166] Channel cleaned, now: 0 active connections, 1 inactive connections and 0 pending acquire requests.
00:12:59.716 [reactor-http-epoll-2] DEBUG reactor.netty.channel.FluxReceive - [1f19a60f, L:/127.0.0.1:44916 - R:localhost/127.0.0.1:49166] FluxReceive{pending=1, cancelled=false, inboundDone=true, inboundError=null}: subscribing inbound receiver
00:12:59.716 [main] ERROR org.springframework.test.web.reactive.server.ExchangeResult - Request details for assertion failure:

> DELETE http://localhost:49166/api/column?board=foo&column=bar
> accept-encoding: [gzip]
> user-agent: [ReactorNetty/1.0.20]
> host: [localhost:49166]
> Content-Type: [application/json]
> Accept: [application/json]
> WebTestClient-Request-Id: [1]
> Authorization: [Bearer eyJ0eXAiOiJKV1QiLCJhbGciOiJIUzUxMiJ9.eyJzdWIiOiJjN2NmMWU3ZC01NjgzLTRiYmEtYTc0OS1mNzFmNjgyZGRjZTIiLCJpc3MiOiJBZ2lsZSBJZGVudGl0eSBTZXJ2aWNlIiwiZXhwIjoxNjY0ODE4OTc5LCJpYXQiOjE2NjQ4MTcxNzksImp0aSI6IjVhMzdmZDQ2LTE5YmMtNGY0Mi1hZjZmLThlYTQ2YTJjNDZkZSJ9.uWicxVByeMKMimyrv9Qc3SyY7dOrP4nYX1sR4Ky2gXCge4unl7hiXRU8FOs2r1uPap20TDYshnjSVjJIduqLxg]

No content

< 404 NOT_FOUND Not Found
< Content-Type: [application/json]
< Cache-Control: [no-cache, no-store, max-age=0, must-revalidate]
< Pragma: [no-cache]
< Expires: [0]
< X-Content-Type-Options: [nosniff]
< X-Frame-Options: [DENY]
< X-XSS-Protection: [1 ; mode=block]
< Referrer-Policy: [no-referrer]
< content-length: [107]

{"timestamp":1664817179711,"path":"/api/column","status":404,"error":"Not Found","requestId":"5713a9ab-15"}

]]></system-out>
  </testcase>
  <testcase name="whenDeletingBoardWithValidParams_thenExpectOkStatus" classname="com.trello.clone.integration.AlmendeServiceIT$NestedBoardDeleteST" time="0.015">
    <failure message="Status expected:&lt;200 OK&gt; but was:&lt;404 NOT_FOUND&gt;" type="java.lang.AssertionError"><![CDATA[java.lang.AssertionError: Status expected:<200 OK> but was:<404 NOT_FOUND>
]]></failure>
    <system-out><![CDATA[00:12:59.721 [main] DEBUG org.springframework.web.reactive.function.client.ExchangeFunctions - [49f3ff41] HTTP DELETE http://localhost:49166/api/board?name=foo
00:12:59.721 [reactor-http-epoll-2] DEBUG reactor.netty.resources.PooledConnectionProvider - [1f19a60f, L:/127.0.0.1:44916 - R:localhost/127.0.0.1:49166] Channel acquired, now: 1 active connections, 0 inactive connections and 0 pending acquire requests.
00:12:59.721 [reactor-http-epoll-2] DEBUG reactor.netty.http.client.HttpClientConnect - [1f19a60f-16, L:/127.0.0.1:44916 - R:localhost/127.0.0.1:49166] Handler is being applied: {uri=http://localhost:49166/api/board?name=foo, method=DELETE}
00:12:59.721 [reactor-http-epoll-2] DEBUG reactor.netty.resources.DefaultPooledConnectionProvider - [1f19a60f-16, L:/127.0.0.1:44916 - R:localhost/127.0.0.1:49166] onStateChange(DELETE{uri=/api/board?name=foo, connection=PooledConnection{channel=[id: 0x1f19a60f, L:/127.0.0.1:44916 - R:localhost/127.0.0.1:49166]}}, [request_prepared])
00:12:59.722 [reactor-http-epoll-2] DEBUG reactor.netty.resources.DefaultPooledConnectionProvider - [1f19a60f-16, L:/127.0.0.1:44916 - R:localhost/127.0.0.1:49166] onStateChange(DELETE{uri=/api/board?name=foo, connection=PooledConnection{channel=[id: 0x1f19a60f, L:/127.0.0.1:44916 - R:localhost/127.0.0.1:49166]}}, [request_sent])
00:12:59.730 [reactor-http-epoll-2] DEBUG reactor.netty.http.client.HttpClientOperations - [1f19a60f-16, L:/127.0.0.1:44916 - R:localhost/127.0.0.1:49166] Received response (auto-read:false) : [Content-Type=application/json, Cache-Control=no-cache, no-store, max-age=0, must-revalidate, Pragma=no-cache, Expires=0, X-Content-Type-Options=nosniff, X-Frame-Options=DENY, X-XSS-Protection=1 ; mode=block, Referrer-Policy=no-referrer, content-length=106]
00:12:59.730 [reactor-http-epoll-2] DEBUG reactor.netty.resources.DefaultPooledConnectionProvider - [1f19a60f-16, L:/127.0.0.1:44916 - R:localhost/127.0.0.1:49166] onStateChange(DELETE{uri=/api/board?name=foo, connection=PooledConnection{channel=[id: 0x1f19a60f, L:/127.0.0.1:44916 - R:localhost/127.0.0.1:49166]}}, [response_received])
00:12:59.730 [reactor-http-epoll-2] DEBUG org.springframework.web.reactive.function.client.ExchangeFunctions - [49f3ff41] [1f19a60f-16, L:/127.0.0.1:44916 - R:localhost/127.0.0.1:49166] Response 404 NOT_FOUND
00:12:59.731 [reactor-http-epoll-2] DEBUG reactor.netty.http.client.HttpClientOperations - [1f19a60f-16, L:/127.0.0.1:44916 - R:localhost/127.0.0.1:49166] Received last HTTP packet
00:12:59.731 [reactor-http-epoll-2] DEBUG reactor.netty.resources.DefaultPooledConnectionProvider - [1f19a60f, L:/127.0.0.1:44916 - R:localhost/127.0.0.1:49166] onStateChange(DELETE{uri=/api/board?name=foo, connection=PooledConnection{channel=[id: 0x1f19a60f, L:/127.0.0.1:44916 - R:localhost/127.0.0.1:49166]}}, [response_completed])
00:12:59.731 [reactor-http-epoll-2] DEBUG reactor.netty.resources.DefaultPooledConnectionProvider - [1f19a60f, L:/127.0.0.1:44916 - R:localhost/127.0.0.1:49166] onStateChange(DELETE{uri=/api/board?name=foo, connection=PooledConnection{channel=[id: 0x1f19a60f, L:/127.0.0.1:44916 - R:localhost/127.0.0.1:49166]}}, [disconnecting])
00:12:59.731 [reactor-http-epoll-2] DEBUG reactor.netty.resources.DefaultPooledConnectionProvider - [1f19a60f, L:/127.0.0.1:44916 - R:localhost/127.0.0.1:49166] Releasing channel
00:12:59.732 [reactor-http-epoll-2] DEBUG reactor.netty.resources.PooledConnectionProvider - [1f19a60f, L:/127.0.0.1:44916 - R:localhost/127.0.0.1:49166] Channel cleaned, now: 0 active connections, 1 inactive connections and 0 pending acquire requests.
00:12:59.732 [reactor-http-epoll-2] DEBUG reactor.netty.channel.FluxReceive - [1f19a60f, L:/127.0.0.1:44916 - R:localhost/127.0.0.1:49166] FluxReceive{pending=1, cancelled=false, inboundDone=true, inboundError=null}: subscribing inbound receiver
00:12:59.732 [main] ERROR org.springframework.test.web.reactive.server.ExchangeResult - Request details for assertion failure:

> DELETE http://localhost:49166/api/board?name=foo
> accept-encoding: [gzip]
> user-agent: [ReactorNetty/1.0.20]
> host: [localhost:49166]
> Content-Type: [application/json]
> Accept: [application/json]
> WebTestClient-Request-Id: [1]
> Authorization: [Bearer eyJ0eXAiOiJKV1QiLCJhbGciOiJIUzUxMiJ9.eyJzdWIiOiJjN2NmMWU3ZC01NjgzLTRiYmEtYTc0OS1mNzFmNjgyZGRjZTIiLCJpc3MiOiJBZ2lsZSBJZGVudGl0eSBTZXJ2aWNlIiwiZXhwIjoxNjY0ODE4OTc5LCJpYXQiOjE2NjQ4MTcxNzksImp0aSI6IjVhMzdmZDQ2LTE5YmMtNGY0Mi1hZjZmLThlYTQ2YTJjNDZkZSJ9.uWicxVByeMKMimyrv9Qc3SyY7dOrP4nYX1sR4Ky2gXCge4unl7hiXRU8FOs2r1uPap20TDYshnjSVjJIduqLxg]

No content

< 404 NOT_FOUND Not Found
< Content-Type: [application/json]
< Cache-Control: [no-cache, no-store, max-age=0, must-revalidate]
< Pragma: [no-cache]
< Expires: [0]
< X-Content-Type-Options: [nosniff]
< X-Frame-Options: [DENY]
< X-XSS-Protection: [1 ; mode=block]
< Referrer-Policy: [no-referrer]
< content-length: [106]

{"timestamp":1664817179725,"path":"/api/board","status":404,"error":"Not Found","requestId":"5713a9ab-16"}

]]></system-out>
  </testcase>
</testsuite>